

================================================================
== Vivado HLS Report for 'conv_2d_cl_me_ap_fixed_ap_fixed_16_14_5_3_0_config2_s'
================================================================
* Date:           Wed Jul  6 19:04:54 2022

* Version:        2019.2 (Build 2704478 on Wed Nov 06 22:10:23 MST 2019)
* Project:        myproject_prj
* Solution:       solution1
* Product family: zynquplus
* Target device:  xczu9eg-ffvb1156-2-e


================================================================
== Performance Estimates
================================================================
+ Timing: 
    * Summary: 
    +--------+---------+----------+------------+
    |  Clock |  Target | Estimated| Uncertainty|
    +--------+---------+----------+------------+
    |ap_clk  | 5.00 ns | 3.770 ns |   0.62 ns  |
    +--------+---------+----------+------------+

+ Latency: 
    * Summary: 
    +---------+---------+----------+-----------+-----+------+---------+
    |  Latency (cycles) |  Latency (absolute)  |  Interval  | Pipeline|
    |   min   |   max   |    min   |    max    | min |  max |   Type  |
    +---------+---------+----------+-----------+-----+------+---------+
    |      226|     2276| 1.130 us | 11.380 us |  226|  2276|   none  |
    +---------+---------+----------+-----------+-----+------+---------+

    + Detail: 
        * Instance: 
        N/A

        * Loop: 
        +-------------+---------+---------+----------+-----------+-----------+------+----------+
        |             |  Latency (cycles) | Iteration|  Initiation Interval  | Trip |          |
        |  Loop Name  |   min   |   max   |  Latency |  achieved |   target  | Count| Pipelined|
        +-------------+---------+---------+----------+-----------+-----------+------+----------+
        |- Loop 1     |      225|     2275|  9 ~ 91  |          -|          -|    25|    no    |
        | + Loop 1.1  |       73|       73|         3|          1|          1|    72|    yes   |
        +-------------+---------+---------+----------+-----------+-----------+------+----------+

============================================================
+ Verbose Summary: Synthesis Manager
============================================================
InlineROM: 1
ExposeGlobal: 0
============================================================
+ Verbose Summary: CDFG Model
============================================================
IsTopModel: 0
ResetActiveHigh: 1
IsCombinational: 2
IsDatapathOnly: 0
HasWiredReturn: 1
HasMFsm: 0
HasVarLatency: 1
IsPipeline: 0
IsRtlPipelined: 0
IsInstanceOverlapped: 0
IsDontTouch: 0
HasImplIP: 0
IsGatedGlobalClock: 0

+ Individual pipeline summary: 
  * Pipeline-0: initiation interval (II) = 1, depth = 3


============================================================
+ Verbose Summary: Schedule
============================================================
* Number of FSM states : 21
* Pipeline : 1
  Pipeline-0 : II = 1, D = 3, States = { 10 11 12 }
* Dataflow Pipeline: 0

* FSM state transitions: 
1 --> 2 
2 --> 3 
3 --> 4 
4 --> 5 
5 --> 6 
6 --> 7 
7 --> 8 
8 --> 9 
9 --> 21 10 
10 --> 13 11 
11 --> 12 
12 --> 10 
13 --> 14 
14 --> 15 
15 --> 16 
16 --> 17 
17 --> 18 
18 --> 19 
19 --> 20 
20 --> 21 
21 --> 2 

* FSM state operations: 

State 1 <SV = 0> <Delay = 0.65>
ST_1 : Operation 22 [1/1] (0.00ns)   --->   "call void (...)* @_ssdm_op_SpecInterface(i16* %data_V_V, [8 x i8]* @ap_fifo_str, i32 0, i32 0, [1 x i8]* @p_str62, i32 0, i32 0, [1 x i8]* @p_str63, [1 x i8]* @p_str64, [1 x i8]* @p_str65, i32 2, i32 2, i32 16, i32 16, [1 x i8]* @p_str66, [1 x i8]* @p_str67)"   --->   Operation 22 'specinterface' <Predicate = true> <Delay = 0.00>
ST_1 : Operation 23 [1/1] (0.00ns)   --->   "call void (...)* @_ssdm_op_SpecInterface(i16* %res_V_V, [5 x i8]* @p_str, i32 1, i32 1, [5 x i8]* @p_str4, i32 0, i32 0, [1 x i8]* @p_str5, [1 x i8]* @p_str5, [1 x i8]* @p_str5, i32 0, i32 0, i32 0, i32 0, [1 x i8]* @p_str5, [1 x i8]* @p_str5) nounwind"   --->   Operation 23 'specinterface' <Predicate = true> <Delay = 0.00>
ST_1 : Operation 24 [1/1] (0.65ns)   --->   "br label %0" [firmware/nnet_utils/nnet_conv2d_stream.h:167->firmware/nnet_utils/nnet_conv2d_stream.h:388]   --->   Operation 24 'br' <Predicate = true> <Delay = 0.65>

State 2 <SV = 1> <Delay = 1.83>
ST_2 : Operation 25 [1/1] (0.00ns)   --->   "%i_0_i = phi i5 [ 0, %codeRepl ], [ %i, %6 ]"   --->   Operation 25 'phi' 'i_0_i' <Predicate = true> <Delay = 0.00>
ST_2 : Operation 26 [1/1] (0.75ns)   --->   "%icmp_ln167 = icmp eq i5 %i_0_i, -7" [firmware/nnet_utils/nnet_conv2d_stream.h:167->firmware/nnet_utils/nnet_conv2d_stream.h:388]   --->   Operation 26 'icmp' 'icmp_ln167' <Predicate = true> <Delay = 0.75> <Core = "Cmp">   --->   Core 25 'Cmp' <Latency = 0> <II = 1> <Delay = 0.99> <FuncUnit> <Opcode : 'icmp'> <InPorts = 2> <OutPorts = 1>
ST_2 : Operation 27 [1/1] (0.00ns)   --->   "%empty = call i32 (...)* @_ssdm_op_SpecLoopTripCount(i64 25, i64 25, i64 25)"   --->   Operation 27 'speclooptripcount' 'empty' <Predicate = true> <Delay = 0.00>
ST_2 : Operation 28 [1/1] (0.78ns)   --->   "%i = add i5 %i_0_i, 1" [firmware/nnet_utils/nnet_conv2d_stream.h:167->firmware/nnet_utils/nnet_conv2d_stream.h:388]   --->   Operation 28 'add' 'i' <Predicate = true> <Delay = 0.78> <Core = "AddSub">   --->   Core 14 'AddSub' <Latency = 0> <II = 1> <Delay = 1.01> <FuncUnit> <Opcode : 'add' 'sub'> <InPorts = 2> <OutPorts = 1>
ST_2 : Operation 29 [1/1] (0.00ns)   --->   "br i1 %icmp_ln167, label %"conv_2d_large_cl_nopad_pad_me<ap_fixed<16, 14, 5, 3, 0>, ap_fixed<16, 14, 5, 3, 0>, config2>.exit", label %.preheader.i.0" [firmware/nnet_utils/nnet_conv2d_stream.h:167->firmware/nnet_utils/nnet_conv2d_stream.h:388]   --->   Operation 29 'br' <Predicate = true> <Delay = 0.00>
ST_2 : Operation 30 [1/1] (1.83ns)   --->   "%tmp_V = call i16 @_ssdm_op_Read.ap_fifo.volatile.i16P(i16* %data_V_V)" [firmware/nnet_utils/nnet_conv2d_stream.h:171->firmware/nnet_utils/nnet_conv2d_stream.h:388]   --->   Operation 30 'read' 'tmp_V' <Predicate = (!icmp_ln167)> <Delay = 1.83> <Core = "FIFO_SRL">   --->   Core 36 'FIFO_SRL' <Latency = 0> <II = 1> <Delay = 1.83> <Storage> <Opcode : 'read' 'write' 'nbread' 'nbwrite'> <Ports = 0> <Width = 16> <Depth = 0> <FIFO>
ST_2 : Operation 31 [1/1] (0.00ns)   --->   "ret void" [firmware/nnet_utils/nnet_conv2d_stream.h:394]   --->   Operation 31 'ret' <Predicate = (icmp_ln167)> <Delay = 0.00>

State 3 <SV = 2> <Delay = 1.83>
ST_3 : Operation 32 [1/1] (1.83ns)   --->   "%tmp_V_8 = call i16 @_ssdm_op_Read.ap_fifo.volatile.i16P(i16* %data_V_V)" [firmware/nnet_utils/nnet_conv2d_stream.h:171->firmware/nnet_utils/nnet_conv2d_stream.h:388]   --->   Operation 32 'read' 'tmp_V_8' <Predicate = true> <Delay = 1.83> <Core = "FIFO_SRL">   --->   Core 36 'FIFO_SRL' <Latency = 0> <II = 1> <Delay = 1.83> <Storage> <Opcode : 'read' 'write' 'nbread' 'nbwrite'> <Ports = 0> <Width = 16> <Depth = 0> <FIFO>

State 4 <SV = 3> <Delay = 1.83>
ST_4 : Operation 33 [1/1] (1.83ns)   --->   "%tmp_V_9 = call i16 @_ssdm_op_Read.ap_fifo.volatile.i16P(i16* %data_V_V)" [firmware/nnet_utils/nnet_conv2d_stream.h:171->firmware/nnet_utils/nnet_conv2d_stream.h:388]   --->   Operation 33 'read' 'tmp_V_9' <Predicate = true> <Delay = 1.83> <Core = "FIFO_SRL">   --->   Core 36 'FIFO_SRL' <Latency = 0> <II = 1> <Delay = 1.83> <Storage> <Opcode : 'read' 'write' 'nbread' 'nbwrite'> <Ports = 0> <Width = 16> <Depth = 0> <FIFO>

State 5 <SV = 4> <Delay = 1.83>
ST_5 : Operation 34 [1/1] (1.83ns)   --->   "%tmp_V_10 = call i16 @_ssdm_op_Read.ap_fifo.volatile.i16P(i16* %data_V_V)" [firmware/nnet_utils/nnet_conv2d_stream.h:171->firmware/nnet_utils/nnet_conv2d_stream.h:388]   --->   Operation 34 'read' 'tmp_V_10' <Predicate = true> <Delay = 1.83> <Core = "FIFO_SRL">   --->   Core 36 'FIFO_SRL' <Latency = 0> <II = 1> <Delay = 1.83> <Storage> <Opcode : 'read' 'write' 'nbread' 'nbwrite'> <Ports = 0> <Width = 16> <Depth = 0> <FIFO>

State 6 <SV = 5> <Delay = 1.83>
ST_6 : Operation 35 [1/1] (1.83ns)   --->   "%tmp_V_11 = call i16 @_ssdm_op_Read.ap_fifo.volatile.i16P(i16* %data_V_V)" [firmware/nnet_utils/nnet_conv2d_stream.h:171->firmware/nnet_utils/nnet_conv2d_stream.h:388]   --->   Operation 35 'read' 'tmp_V_11' <Predicate = true> <Delay = 1.83> <Core = "FIFO_SRL">   --->   Core 36 'FIFO_SRL' <Latency = 0> <II = 1> <Delay = 1.83> <Storage> <Opcode : 'read' 'write' 'nbread' 'nbwrite'> <Ports = 0> <Width = 16> <Depth = 0> <FIFO>

State 7 <SV = 6> <Delay = 1.83>
ST_7 : Operation 36 [1/1] (1.83ns)   --->   "%tmp_V_12 = call i16 @_ssdm_op_Read.ap_fifo.volatile.i16P(i16* %data_V_V)" [firmware/nnet_utils/nnet_conv2d_stream.h:171->firmware/nnet_utils/nnet_conv2d_stream.h:388]   --->   Operation 36 'read' 'tmp_V_12' <Predicate = true> <Delay = 1.83> <Core = "FIFO_SRL">   --->   Core 36 'FIFO_SRL' <Latency = 0> <II = 1> <Delay = 1.83> <Storage> <Opcode : 'read' 'write' 'nbread' 'nbwrite'> <Ports = 0> <Width = 16> <Depth = 0> <FIFO>

State 8 <SV = 7> <Delay = 1.83>
ST_8 : Operation 37 [1/1] (1.83ns)   --->   "%tmp_V_13 = call i16 @_ssdm_op_Read.ap_fifo.volatile.i16P(i16* %data_V_V)" [firmware/nnet_utils/nnet_conv2d_stream.h:171->firmware/nnet_utils/nnet_conv2d_stream.h:388]   --->   Operation 37 'read' 'tmp_V_13' <Predicate = true> <Delay = 1.83> <Core = "FIFO_SRL">   --->   Core 36 'FIFO_SRL' <Latency = 0> <II = 1> <Delay = 1.83> <Storage> <Opcode : 'read' 'write' 'nbread' 'nbwrite'> <Ports = 0> <Width = 16> <Depth = 0> <FIFO>

State 9 <SV = 8> <Delay = 3.27>
ST_9 : Operation 38 [1/1] (1.83ns)   --->   "%tmp_V_14 = call i16 @_ssdm_op_Read.ap_fifo.volatile.i16P(i16* %data_V_V)" [firmware/nnet_utils/nnet_conv2d_stream.h:171->firmware/nnet_utils/nnet_conv2d_stream.h:388]   --->   Operation 38 'read' 'tmp_V_14' <Predicate = true> <Delay = 1.83> <Core = "FIFO_SRL">   --->   Core 36 'FIFO_SRL' <Latency = 0> <II = 1> <Delay = 1.83> <Storage> <Opcode : 'read' 'write' 'nbread' 'nbwrite'> <Ports = 0> <Width = 16> <Depth = 0> <FIFO>
ST_9 : Operation 39 [1/1] (0.00ns)   --->   "%tmpdata_V = call i128 @_ssdm_op_BitConcatenate.i128.i16.i16.i16.i16.i16.i16.i16.i16(i16 %tmp_V_14, i16 %tmp_V_13, i16 %tmp_V_12, i16 %tmp_V_11, i16 %tmp_V_10, i16 %tmp_V_9, i16 %tmp_V_8, i16 %tmp_V)" [firmware/nnet_utils/nnet_conv2d_stream.h:171->firmware/nnet_utils/nnet_conv2d_stream.h:388]   --->   Operation 39 'bitconcatenate' 'tmpdata_V' <Predicate = true> <Delay = 0.00>
ST_9 : Operation 40 [1/1] (0.00ns)   --->   "%layer_in_V_load = load i1152* @layer_in_V, align 16"   --->   Operation 40 'load' 'layer_in_V_load' <Predicate = true> <Delay = 0.00>
ST_9 : Operation 41 [1/1] (1.43ns)   --->   "%call_ret = call fastcc i1152 @"cnnshift_arr<ap_fixed,ap_fixed<16,14,5,3,0>,config2>"(i128 %tmpdata_V, i1152 %layer_in_V_load)" [firmware/nnet_utils/nnet_conv2d_stream.h:171->firmware/nnet_utils/nnet_conv2d_stream.h:388]   --->   Operation 41 'call' 'call_ret' <Predicate = true> <Delay = 1.43> <CoreType = "Generic">   --->   Core 0 '' <Latency = 0> <II = 1> <Delay = 1.00> <Generic> <Opcode : >
ST_9 : Operation 42 [1/1] (0.00ns)   --->   "store i1152 %call_ret, i1152* @layer_in_V, align 16" [firmware/nnet_utils/nnet_conv2d_stream.h:171->firmware/nnet_utils/nnet_conv2d_stream.h:388]   --->   Operation 42 'store' <Predicate = true> <Delay = 0.00>
ST_9 : Operation 43 [1/1] (0.00ns)   --->   "%sX_load = load i32* @sX, align 4" [firmware/nnet_utils/nnet_conv2d_stream.h:176->firmware/nnet_utils/nnet_conv2d_stream.h:388]   --->   Operation 43 'load' 'sX_load' <Predicate = true> <Delay = 0.00>
ST_9 : Operation 44 [1/1] (0.99ns)   --->   "%icmp_ln176 = icmp eq i32 %sX_load, 2" [firmware/nnet_utils/nnet_conv2d_stream.h:176->firmware/nnet_utils/nnet_conv2d_stream.h:388]   --->   Operation 44 'icmp' 'icmp_ln176' <Predicate = true> <Delay = 0.99> <Core = "Cmp">   --->   Core 25 'Cmp' <Latency = 0> <II = 1> <Delay = 0.99> <FuncUnit> <Opcode : 'icmp'> <InPorts = 2> <OutPorts = 1>
ST_9 : Operation 45 [1/1] (0.00ns)   --->   "%sY_load = load i32* @sY, align 4" [firmware/nnet_utils/nnet_conv2d_stream.h:176->firmware/nnet_utils/nnet_conv2d_stream.h:388]   --->   Operation 45 'load' 'sY_load' <Predicate = true> <Delay = 0.00>
ST_9 : Operation 46 [1/1] (0.99ns)   --->   "%icmp_ln176_1 = icmp eq i32 %sY_load, 2" [firmware/nnet_utils/nnet_conv2d_stream.h:176->firmware/nnet_utils/nnet_conv2d_stream.h:388]   --->   Operation 46 'icmp' 'icmp_ln176_1' <Predicate = true> <Delay = 0.99> <Core = "Cmp">   --->   Core 25 'Cmp' <Latency = 0> <II = 1> <Delay = 0.99> <FuncUnit> <Opcode : 'icmp'> <InPorts = 2> <OutPorts = 1>
ST_9 : Operation 47 [1/1] (0.00ns)   --->   "%pY_load = load i32* @pY, align 4" [firmware/nnet_utils/nnet_conv2d_stream.h:176->firmware/nnet_utils/nnet_conv2d_stream.h:388]   --->   Operation 47 'load' 'pY_load' <Predicate = true> <Delay = 0.00>
ST_9 : Operation 48 [1/1] (0.00ns)   --->   "%tmp_3 = call i31 @_ssdm_op_PartSelect.i31.i32.i32.i32(i32 %pY_load, i32 1, i32 31)" [firmware/nnet_utils/nnet_conv2d_stream.h:176->firmware/nnet_utils/nnet_conv2d_stream.h:388]   --->   Operation 48 'partselect' 'tmp_3' <Predicate = true> <Delay = 0.00>
ST_9 : Operation 49 [1/1] (0.99ns)   --->   "%icmp_ln176_2 = icmp sgt i31 %tmp_3, 0" [firmware/nnet_utils/nnet_conv2d_stream.h:176->firmware/nnet_utils/nnet_conv2d_stream.h:388]   --->   Operation 49 'icmp' 'icmp_ln176_2' <Predicate = true> <Delay = 0.99> <Core = "Cmp">   --->   Core 25 'Cmp' <Latency = 0> <II = 1> <Delay = 0.99> <FuncUnit> <Opcode : 'icmp'> <InPorts = 2> <OutPorts = 1>
ST_9 : Operation 50 [1/1] (0.00ns)   --->   "%pX_load = load i32* @pX, align 4" [firmware/nnet_utils/nnet_conv2d_stream.h:176->firmware/nnet_utils/nnet_conv2d_stream.h:388]   --->   Operation 50 'load' 'pX_load' <Predicate = true> <Delay = 0.00>
ST_9 : Operation 51 [1/1] (0.00ns)   --->   "%tmp_4 = call i31 @_ssdm_op_PartSelect.i31.i32.i32.i32(i32 %pX_load, i32 1, i32 31)" [firmware/nnet_utils/nnet_conv2d_stream.h:176->firmware/nnet_utils/nnet_conv2d_stream.h:388]   --->   Operation 51 'partselect' 'tmp_4' <Predicate = true> <Delay = 0.00>
ST_9 : Operation 52 [1/1] (0.99ns)   --->   "%icmp_ln176_3 = icmp sgt i31 %tmp_4, 0" [firmware/nnet_utils/nnet_conv2d_stream.h:176->firmware/nnet_utils/nnet_conv2d_stream.h:388]   --->   Operation 52 'icmp' 'icmp_ln176_3' <Predicate = true> <Delay = 0.99> <Core = "Cmp">   --->   Core 25 'Cmp' <Latency = 0> <II = 1> <Delay = 0.99> <FuncUnit> <Opcode : 'icmp'> <InPorts = 2> <OutPorts = 1>
ST_9 : Operation 53 [1/1] (0.00ns) (grouped into LUT with out node and_ln176_2)   --->   "%and_ln176 = and i1 %icmp_ln176, %icmp_ln176_1" [firmware/nnet_utils/nnet_conv2d_stream.h:176->firmware/nnet_utils/nnet_conv2d_stream.h:388]   --->   Operation 53 'and' 'and_ln176' <Predicate = true> <Delay = 0.00> <Core = "LogicGate">   --->   Core 27 'LogicGate' <Latency = 0> <II = 1> <Delay = 0.28> <FuncUnit> <Opcode : 'and' 'or' 'xor'> <InPorts = 2> <OutPorts = 1>
ST_9 : Operation 54 [1/1] (0.00ns) (grouped into LUT with out node and_ln176_2)   --->   "%and_ln176_1 = and i1 %icmp_ln176_2, %icmp_ln176_3" [firmware/nnet_utils/nnet_conv2d_stream.h:176->firmware/nnet_utils/nnet_conv2d_stream.h:388]   --->   Operation 54 'and' 'and_ln176_1' <Predicate = true> <Delay = 0.00> <Core = "LogicGate">   --->   Core 27 'LogicGate' <Latency = 0> <II = 1> <Delay = 0.28> <FuncUnit> <Opcode : 'and' 'or' 'xor'> <InPorts = 2> <OutPorts = 1>
ST_9 : Operation 55 [1/1] (0.28ns) (out node of the LUT)   --->   "%and_ln176_2 = and i1 %and_ln176_1, %and_ln176" [firmware/nnet_utils/nnet_conv2d_stream.h:176->firmware/nnet_utils/nnet_conv2d_stream.h:388]   --->   Operation 55 'and' 'and_ln176_2' <Predicate = true> <Delay = 0.28> <Core = "LogicGate">   --->   Core 27 'LogicGate' <Latency = 0> <II = 1> <Delay = 0.28> <FuncUnit> <Opcode : 'and' 'or' 'xor'> <InPorts = 2> <OutPorts = 1>
ST_9 : Operation 56 [1/1] (0.00ns)   --->   "br i1 %and_ln176_2, label %"nnet::dense_resource<ap_fixed<16, 14, (ap_q_mode)5, (ap_o_mode)3, 0>, ap_fixed<16, 14, (ap_q_mode)5, (ap_o_mode)3, 0>, config2_mult>.region_begin", label %._crit_edge52.i" [firmware/nnet_utils/nnet_conv2d_stream.h:176->firmware/nnet_utils/nnet_conv2d_stream.h:388]   --->   Operation 56 'br' <Predicate = true> <Delay = 0.00>
ST_9 : Operation 57 [1/1] (0.00ns)   --->   "%rbegin57_i = call i32 (...)* @_ssdm_op_SpecRegionBegin([140 x i8]* @nnet_KD_KD_dense_resource_MD_ap_fixed_MD_16_MC_AC_14_MC_A) nounwind" [firmware/nnet_utils/nnet_conv2d_stream.h:183->firmware/nnet_utils/nnet_conv2d_stream.h:388]   --->   Operation 57 'specregionbegin' 'rbegin57_i' <Predicate = (and_ln176_2)> <Delay = 0.00>
ST_9 : Operation 58 [1/1] (0.65ns)   --->   "br label %.preheader63.i.i.i" [firmware/nnet_utils/nnet_dense_resource.h:87->firmware/nnet_utils/nnet_dense_resource.h:278->firmware/nnet_utils/nnet_conv2d_stream.h:183->firmware/nnet_utils/nnet_conv2d_stream.h:388]   --->   Operation 58 'br' <Predicate = (and_ln176_2)> <Delay = 0.65>

State 10 <SV = 9> <Delay = 3.75>
ST_10 : Operation 59 [1/1] (0.00ns)   --->   "%tmp_V_22 = phi i16 [ 0, %"nnet::dense_resource<ap_fixed<16, 14, (ap_q_mode)5, (ap_o_mode)3, 0>, ap_fixed<16, 14, (ap_q_mode)5, (ap_o_mode)3, 0>, config2_mult>.region_begin" ], [ %acc_7_V, %hls_label_15 ]"   --->   Operation 59 'phi' 'tmp_V_22' <Predicate = true> <Delay = 0.00>
ST_10 : Operation 60 [1/1] (0.00ns)   --->   "%tmp_V_21 = phi i16 [ 0, %"nnet::dense_resource<ap_fixed<16, 14, (ap_q_mode)5, (ap_o_mode)3, 0>, ap_fixed<16, 14, (ap_q_mode)5, (ap_o_mode)3, 0>, config2_mult>.region_begin" ], [ %acc_6_V, %hls_label_15 ]"   --->   Operation 60 'phi' 'tmp_V_21' <Predicate = true> <Delay = 0.00>
ST_10 : Operation 61 [1/1] (0.00ns)   --->   "%tmp_V_20 = phi i16 [ 0, %"nnet::dense_resource<ap_fixed<16, 14, (ap_q_mode)5, (ap_o_mode)3, 0>, ap_fixed<16, 14, (ap_q_mode)5, (ap_o_mode)3, 0>, config2_mult>.region_begin" ], [ %acc_5_V, %hls_label_15 ]"   --->   Operation 61 'phi' 'tmp_V_20' <Predicate = true> <Delay = 0.00>
ST_10 : Operation 62 [1/1] (0.00ns)   --->   "%tmp_V_19 = phi i16 [ 0, %"nnet::dense_resource<ap_fixed<16, 14, (ap_q_mode)5, (ap_o_mode)3, 0>, ap_fixed<16, 14, (ap_q_mode)5, (ap_o_mode)3, 0>, config2_mult>.region_begin" ], [ %acc_4_V, %hls_label_15 ]"   --->   Operation 62 'phi' 'tmp_V_19' <Predicate = true> <Delay = 0.00>
ST_10 : Operation 63 [1/1] (0.00ns)   --->   "%tmp_V_18 = phi i16 [ 0, %"nnet::dense_resource<ap_fixed<16, 14, (ap_q_mode)5, (ap_o_mode)3, 0>, ap_fixed<16, 14, (ap_q_mode)5, (ap_o_mode)3, 0>, config2_mult>.region_begin" ], [ %acc_3_V, %hls_label_15 ]"   --->   Operation 63 'phi' 'tmp_V_18' <Predicate = true> <Delay = 0.00>
ST_10 : Operation 64 [1/1] (0.00ns)   --->   "%tmp_V_17 = phi i16 [ 0, %"nnet::dense_resource<ap_fixed<16, 14, (ap_q_mode)5, (ap_o_mode)3, 0>, ap_fixed<16, 14, (ap_q_mode)5, (ap_o_mode)3, 0>, config2_mult>.region_begin" ], [ %acc_2_V, %hls_label_15 ]"   --->   Operation 64 'phi' 'tmp_V_17' <Predicate = true> <Delay = 0.00>
ST_10 : Operation 65 [1/1] (0.00ns)   --->   "%tmp_V_16 = phi i16 [ 0, %"nnet::dense_resource<ap_fixed<16, 14, (ap_q_mode)5, (ap_o_mode)3, 0>, ap_fixed<16, 14, (ap_q_mode)5, (ap_o_mode)3, 0>, config2_mult>.region_begin" ], [ %acc_1_V, %hls_label_15 ]"   --->   Operation 65 'phi' 'tmp_V_16' <Predicate = true> <Delay = 0.00>
ST_10 : Operation 66 [1/1] (0.00ns)   --->   "%tmp_V_15 = phi i16 [ 0, %"nnet::dense_resource<ap_fixed<16, 14, (ap_q_mode)5, (ap_o_mode)3, 0>, ap_fixed<16, 14, (ap_q_mode)5, (ap_o_mode)3, 0>, config2_mult>.region_begin" ], [ %acc_0_V, %hls_label_15 ]"   --->   Operation 66 'phi' 'tmp_V_15' <Predicate = true> <Delay = 0.00>
ST_10 : Operation 67 [1/1] (0.00ns)   --->   "%in_index = phi i7 [ 0, %"nnet::dense_resource<ap_fixed<16, 14, (ap_q_mode)5, (ap_o_mode)3, 0>, ap_fixed<16, 14, (ap_q_mode)5, (ap_o_mode)3, 0>, config2_mult>.region_begin" ], [ %ir, %hls_label_15 ]"   --->   Operation 67 'phi' 'in_index' <Predicate = true> <Delay = 0.00>
ST_10 : Operation 68 [1/1] (0.81ns)   --->   "%icmp_ln74 = icmp eq i7 %in_index, -56" [firmware/nnet_utils/nnet_dense_resource.h:74->firmware/nnet_utils/nnet_dense_resource.h:278->firmware/nnet_utils/nnet_conv2d_stream.h:183->firmware/nnet_utils/nnet_conv2d_stream.h:388]   --->   Operation 68 'icmp' 'icmp_ln74' <Predicate = true> <Delay = 0.81> <Core = "Cmp">   --->   Core 25 'Cmp' <Latency = 0> <II = 1> <Delay = 0.99> <FuncUnit> <Opcode : 'icmp'> <InPorts = 2> <OutPorts = 1>
ST_10 : Operation 69 [1/1] (0.00ns)   --->   "%empty_20 = call i32 (...)* @_ssdm_op_SpecLoopTripCount(i64 72, i64 72, i64 72)"   --->   Operation 69 'speclooptripcount' 'empty_20' <Predicate = true> <Delay = 0.00>
ST_10 : Operation 70 [1/1] (0.77ns)   --->   "%ir = add i7 %in_index, 1" [firmware/nnet_utils/nnet_dense_resource.h:74->firmware/nnet_utils/nnet_dense_resource.h:278->firmware/nnet_utils/nnet_conv2d_stream.h:183->firmware/nnet_utils/nnet_conv2d_stream.h:388]   --->   Operation 70 'add' 'ir' <Predicate = true> <Delay = 0.77> <Core = "AddSub">   --->   Core 14 'AddSub' <Latency = 0> <II = 1> <Delay = 1.01> <FuncUnit> <Opcode : 'add' 'sub'> <InPorts = 2> <OutPorts = 1>
ST_10 : Operation 71 [1/1] (0.00ns)   --->   "br i1 %icmp_ln74, label %"nnet::dense_resource<ap_fixed<16, 14, (ap_q_mode)5, (ap_o_mode)3, 0>, ap_fixed<16, 14, (ap_q_mode)5, (ap_o_mode)3, 0>, config2_mult>.region_end", label %hls_label_15" [firmware/nnet_utils/nnet_dense_resource.h:74->firmware/nnet_utils/nnet_dense_resource.h:278->firmware/nnet_utils/nnet_conv2d_stream.h:183->firmware/nnet_utils/nnet_conv2d_stream.h:388]   --->   Operation 71 'br' <Predicate = true> <Delay = 0.00>
ST_10 : Operation 72 [1/1] (0.00ns)   --->   "%tmp_1 = call i11 @_ssdm_op_BitConcatenate.i11.i7.i4(i7 %in_index, i4 0)" [firmware/nnet_utils/nnet_dense_resource.h:74->firmware/nnet_utils/nnet_dense_resource.h:278->firmware/nnet_utils/nnet_conv2d_stream.h:183->firmware/nnet_utils/nnet_conv2d_stream.h:388]   --->   Operation 72 'bitconcatenate' 'tmp_1' <Predicate = (!icmp_ln74)> <Delay = 0.00>
ST_10 : Operation 73 [1/1] (0.00ns)   --->   "%empty_21 = or i11 %tmp_1, 15" [firmware/nnet_utils/nnet_dense_resource.h:74->firmware/nnet_utils/nnet_dense_resource.h:278->firmware/nnet_utils/nnet_conv2d_stream.h:183->firmware/nnet_utils/nnet_conv2d_stream.h:388]   --->   Operation 73 'or' 'empty_21' <Predicate = (!icmp_ln74)> <Delay = 0.00>
ST_10 : Operation 74 [1/1] (0.94ns)   --->   "%icmp_ln83 = icmp ugt i11 %tmp_1, %empty_21" [firmware/nnet_utils/nnet_dense_resource.h:83->firmware/nnet_utils/nnet_dense_resource.h:278->firmware/nnet_utils/nnet_conv2d_stream.h:183->firmware/nnet_utils/nnet_conv2d_stream.h:388]   --->   Operation 74 'icmp' 'icmp_ln83' <Predicate = (!icmp_ln74)> <Delay = 0.94> <Core = "Cmp">   --->   Core 25 'Cmp' <Latency = 0> <II = 1> <Delay = 0.99> <FuncUnit> <Opcode : 'icmp'> <InPorts = 2> <OutPorts = 1>
ST_10 : Operation 75 [1/1] (0.00ns) (grouped into LUT with out node lshr_ln83)   --->   "%tmp_10 = call i1152 @llvm.part.select.i1152(i1152 %call_ret, i32 1151, i32 0)" [firmware/nnet_utils/nnet_dense_resource.h:83->firmware/nnet_utils/nnet_dense_resource.h:278->firmware/nnet_utils/nnet_conv2d_stream.h:183->firmware/nnet_utils/nnet_conv2d_stream.h:388]   --->   Operation 75 'partselect' 'tmp_10' <Predicate = (!icmp_ln74)> <Delay = 0.00>
ST_10 : Operation 76 [1/1] (0.79ns)   --->   "%sub_ln83 = sub i11 %tmp_1, %empty_21" [firmware/nnet_utils/nnet_dense_resource.h:83->firmware/nnet_utils/nnet_dense_resource.h:278->firmware/nnet_utils/nnet_conv2d_stream.h:183->firmware/nnet_utils/nnet_conv2d_stream.h:388]   --->   Operation 76 'sub' 'sub_ln83' <Predicate = (!icmp_ln74)> <Delay = 0.79> <Core = "AddSub">   --->   Core 14 'AddSub' <Latency = 0> <II = 1> <Delay = 1.01> <FuncUnit> <Opcode : 'add' 'sub'> <InPorts = 2> <OutPorts = 1>
ST_10 : Operation 77 [1/1] (0.79ns)   --->   "%sub_ln83_1 = sub i11 -897, %tmp_1" [firmware/nnet_utils/nnet_dense_resource.h:83->firmware/nnet_utils/nnet_dense_resource.h:278->firmware/nnet_utils/nnet_conv2d_stream.h:183->firmware/nnet_utils/nnet_conv2d_stream.h:388]   --->   Operation 77 'sub' 'sub_ln83_1' <Predicate = (!icmp_ln74)> <Delay = 0.79> <Core = "AddSub">   --->   Core 14 'AddSub' <Latency = 0> <II = 1> <Delay = 1.01> <FuncUnit> <Opcode : 'add' 'sub'> <InPorts = 2> <OutPorts = 1>
ST_10 : Operation 78 [1/1] (0.79ns)   --->   "%sub_ln83_2 = sub i11 %empty_21, %tmp_1" [firmware/nnet_utils/nnet_dense_resource.h:83->firmware/nnet_utils/nnet_dense_resource.h:278->firmware/nnet_utils/nnet_conv2d_stream.h:183->firmware/nnet_utils/nnet_conv2d_stream.h:388]   --->   Operation 78 'sub' 'sub_ln83_2' <Predicate = (!icmp_ln74)> <Delay = 0.79> <Core = "AddSub">   --->   Core 14 'AddSub' <Latency = 0> <II = 1> <Delay = 1.01> <FuncUnit> <Opcode : 'add' 'sub'> <InPorts = 2> <OutPorts = 1>
ST_10 : Operation 79 [1/1] (0.00ns) (grouped into LUT with out node sub_ln83_3)   --->   "%select_ln83 = select i1 %icmp_ln83, i11 %sub_ln83, i11 %sub_ln83_2" [firmware/nnet_utils/nnet_dense_resource.h:83->firmware/nnet_utils/nnet_dense_resource.h:278->firmware/nnet_utils/nnet_conv2d_stream.h:183->firmware/nnet_utils/nnet_conv2d_stream.h:388]   --->   Operation 79 'select' 'select_ln83' <Predicate = (!icmp_ln74)> <Delay = 0.00> <Core = "Sel">   --->   Core 26 'Sel' <Latency = 0> <II = 1> <Delay = 0.44> <FuncUnit> <Opcode : 'select'> <InPorts = 3> <OutPorts = 1>
ST_10 : Operation 80 [1/1] (0.00ns) (grouped into LUT with out node lshr_ln83)   --->   "%select_ln83_1 = select i1 %icmp_ln83, i1152 %tmp_10, i1152 %call_ret" [firmware/nnet_utils/nnet_dense_resource.h:83->firmware/nnet_utils/nnet_dense_resource.h:278->firmware/nnet_utils/nnet_conv2d_stream.h:183->firmware/nnet_utils/nnet_conv2d_stream.h:388]   --->   Operation 80 'select' 'select_ln83_1' <Predicate = (!icmp_ln74)> <Delay = 0.00> <Core = "Sel">   --->   Core 26 'Sel' <Latency = 0> <II = 1> <Delay = 0.44> <FuncUnit> <Opcode : 'select'> <InPorts = 3> <OutPorts = 1>
ST_10 : Operation 81 [1/1] (0.00ns) (grouped into LUT with out node lshr_ln83)   --->   "%select_ln83_2 = select i1 %icmp_ln83, i11 %sub_ln83_1, i11 %tmp_1" [firmware/nnet_utils/nnet_dense_resource.h:83->firmware/nnet_utils/nnet_dense_resource.h:278->firmware/nnet_utils/nnet_conv2d_stream.h:183->firmware/nnet_utils/nnet_conv2d_stream.h:388]   --->   Operation 81 'select' 'select_ln83_2' <Predicate = (!icmp_ln74)> <Delay = 0.00> <Core = "Sel">   --->   Core 26 'Sel' <Latency = 0> <II = 1> <Delay = 0.44> <FuncUnit> <Opcode : 'select'> <InPorts = 3> <OutPorts = 1>
ST_10 : Operation 82 [1/1] (0.79ns) (out node of the LUT)   --->   "%sub_ln83_3 = sub i11 -897, %select_ln83" [firmware/nnet_utils/nnet_dense_resource.h:83->firmware/nnet_utils/nnet_dense_resource.h:278->firmware/nnet_utils/nnet_conv2d_stream.h:183->firmware/nnet_utils/nnet_conv2d_stream.h:388]   --->   Operation 82 'sub' 'sub_ln83_3' <Predicate = (!icmp_ln74)> <Delay = 0.79> <Core = "AddSub">   --->   Core 14 'AddSub' <Latency = 0> <II = 1> <Delay = 1.01> <FuncUnit> <Opcode : 'add' 'sub'> <InPorts = 2> <OutPorts = 1>
ST_10 : Operation 83 [1/1] (0.00ns) (grouped into LUT with out node lshr_ln83)   --->   "%zext_ln83_2 = zext i11 %select_ln83_2 to i1152" [firmware/nnet_utils/nnet_dense_resource.h:83->firmware/nnet_utils/nnet_dense_resource.h:278->firmware/nnet_utils/nnet_conv2d_stream.h:183->firmware/nnet_utils/nnet_conv2d_stream.h:388]   --->   Operation 83 'zext' 'zext_ln83_2' <Predicate = (!icmp_ln74)> <Delay = 0.00>
ST_10 : Operation 84 [1/1] (0.00ns) (grouped into LUT with out node and_ln83)   --->   "%zext_ln83_3 = zext i11 %sub_ln83_3 to i1152" [firmware/nnet_utils/nnet_dense_resource.h:83->firmware/nnet_utils/nnet_dense_resource.h:278->firmware/nnet_utils/nnet_conv2d_stream.h:183->firmware/nnet_utils/nnet_conv2d_stream.h:388]   --->   Operation 84 'zext' 'zext_ln83_3' <Predicate = (!icmp_ln74)> <Delay = 0.00>
ST_10 : Operation 85 [1/1] (1.88ns) (out node of the LUT)   --->   "%lshr_ln83 = lshr i1152 %select_ln83_1, %zext_ln83_2" [firmware/nnet_utils/nnet_dense_resource.h:83->firmware/nnet_utils/nnet_dense_resource.h:278->firmware/nnet_utils/nnet_conv2d_stream.h:183->firmware/nnet_utils/nnet_conv2d_stream.h:388]   --->   Operation 85 'lshr' 'lshr_ln83' <Predicate = (!icmp_ln74)> <Delay = 1.88> <Core = "Shift">   --->   Core 28 'Shift' <Latency = 0> <II = 1> <Delay = 0.92> <FuncUnit> <Opcode : 'shl' 'lshr' 'ashr'> <InPorts = 2> <OutPorts = 1>
ST_10 : Operation 86 [1/1] (0.00ns) (grouped into LUT with out node and_ln83)   --->   "%lshr_ln83_1 = lshr i1152 -1, %zext_ln83_3" [firmware/nnet_utils/nnet_dense_resource.h:83->firmware/nnet_utils/nnet_dense_resource.h:278->firmware/nnet_utils/nnet_conv2d_stream.h:183->firmware/nnet_utils/nnet_conv2d_stream.h:388]   --->   Operation 86 'lshr' 'lshr_ln83_1' <Predicate = (!icmp_ln74)> <Delay = 0.00> <Core = "Shift">   --->   Core 28 'Shift' <Latency = 0> <II = 1> <Delay = 0.92> <FuncUnit> <Opcode : 'shl' 'lshr' 'ashr'> <InPorts = 2> <OutPorts = 1>
ST_10 : Operation 87 [1/1] (0.92ns) (out node of the LUT)   --->   "%and_ln83 = and i1152 %lshr_ln83, %lshr_ln83_1" [firmware/nnet_utils/nnet_dense_resource.h:83->firmware/nnet_utils/nnet_dense_resource.h:278->firmware/nnet_utils/nnet_conv2d_stream.h:183->firmware/nnet_utils/nnet_conv2d_stream.h:388]   --->   Operation 87 'and' 'and_ln83' <Predicate = (!icmp_ln74)> <Delay = 0.92> <Core = "LogicGate">   --->   Core 27 'LogicGate' <Latency = 0> <II = 1> <Delay = 0.28> <FuncUnit> <Opcode : 'and' 'or' 'xor'> <InPorts = 2> <OutPorts = 1>
ST_10 : Operation 88 [1/1] (0.00ns)   --->   "%trunc_ln83 = trunc i1152 %and_ln83 to i16" [firmware/nnet_utils/nnet_dense_resource.h:83->firmware/nnet_utils/nnet_dense_resource.h:278->firmware/nnet_utils/nnet_conv2d_stream.h:183->firmware/nnet_utils/nnet_conv2d_stream.h:388]   --->   Operation 88 'trunc' 'trunc_ln83' <Predicate = (!icmp_ln74)> <Delay = 0.00>
ST_10 : Operation 89 [1/1] (0.00ns)   --->   "%zext_ln83 = zext i7 %in_index to i64" [firmware/nnet_utils/nnet_dense_resource.h:83->firmware/nnet_utils/nnet_dense_resource.h:278->firmware/nnet_utils/nnet_conv2d_stream.h:183->firmware/nnet_utils/nnet_conv2d_stream.h:388]   --->   Operation 89 'zext' 'zext_ln83' <Predicate = (!icmp_ln74)> <Delay = 0.00>
ST_10 : Operation 90 [1/1] (0.00ns)   --->   "%w2_V_addr = getelementptr [72 x i115]* @w2_V, i64 0, i64 %zext_ln83" [firmware/nnet_utils/nnet_dense_resource.h:83->firmware/nnet_utils/nnet_dense_resource.h:278->firmware/nnet_utils/nnet_conv2d_stream.h:183->firmware/nnet_utils/nnet_conv2d_stream.h:388]   --->   Operation 90 'getelementptr' 'w2_V_addr' <Predicate = (!icmp_ln74)> <Delay = 0.00>
ST_10 : Operation 91 [2/2] (1.23ns)   --->   "%w2_V_load = load i115* %w2_V_addr, align 16" [firmware/nnet_utils/nnet_dense_resource.h:83->firmware/nnet_utils/nnet_dense_resource.h:278->firmware/nnet_utils/nnet_conv2d_stream.h:183->firmware/nnet_utils/nnet_conv2d_stream.h:388]   --->   Operation 91 'load' 'w2_V_load' <Predicate = (!icmp_ln74)> <Delay = 1.23> <Core = "ROM_nP">   --->   Core 52 'ROM_nP' <Latency = 1> <II = 1> <Delay = 1.23> <Storage> <Opcode : 'load'> <Ports = 0> <Width = 115> <Depth = 72> <ROM>

State 11 <SV = 10> <Delay = 3.77>
ST_11 : Operation 92 [1/2] (1.23ns)   --->   "%w2_V_load = load i115* %w2_V_addr, align 16" [firmware/nnet_utils/nnet_dense_resource.h:83->firmware/nnet_utils/nnet_dense_resource.h:278->firmware/nnet_utils/nnet_conv2d_stream.h:183->firmware/nnet_utils/nnet_conv2d_stream.h:388]   --->   Operation 92 'load' 'w2_V_load' <Predicate = (!icmp_ln74)> <Delay = 1.23> <Core = "ROM_nP">   --->   Core 52 'ROM_nP' <Latency = 1> <II = 1> <Delay = 1.23> <Storage> <Opcode : 'load'> <Ports = 0> <Width = 115> <Depth = 72> <ROM>
ST_11 : Operation 93 [1/1] (0.00ns)   --->   "%trunc_ln83_1 = trunc i115 %w2_V_load to i16" [firmware/nnet_utils/nnet_dense_resource.h:83->firmware/nnet_utils/nnet_dense_resource.h:278->firmware/nnet_utils/nnet_conv2d_stream.h:183->firmware/nnet_utils/nnet_conv2d_stream.h:388]   --->   Operation 93 'trunc' 'trunc_ln83_1' <Predicate = (!icmp_ln74)> <Delay = 0.00>
ST_11 : Operation 94 [1/1] (2.53ns)   --->   "%tmpmult_0_V = call fastcc i16 @"product_dense<ap_fixed,ap_fixed,ap_fixed >"(i16 %trunc_ln83, i16 %trunc_ln83_1)" [firmware/nnet_utils/nnet_dense_resource.h:83->firmware/nnet_utils/nnet_dense_resource.h:278->firmware/nnet_utils/nnet_conv2d_stream.h:183->firmware/nnet_utils/nnet_conv2d_stream.h:388]   --->   Operation 94 'call' 'tmpmult_0_V' <Predicate = (!icmp_ln74)> <Delay = 2.53> <CoreType = "Generic">   --->   Core 0 '' <Latency = 0> <II = 1> <Delay = 1.00> <Generic> <Opcode : >
ST_11 : Operation 95 [1/1] (0.00ns)   --->   "%tmp_5 = call i16 @_ssdm_op_PartSelect.i16.i115.i32.i32(i115 %w2_V_load, i32 16, i32 31)" [firmware/nnet_utils/nnet_dense_resource.h:83->firmware/nnet_utils/nnet_dense_resource.h:278->firmware/nnet_utils/nnet_conv2d_stream.h:183->firmware/nnet_utils/nnet_conv2d_stream.h:388]   --->   Operation 95 'partselect' 'tmp_5' <Predicate = (!icmp_ln74)> <Delay = 0.00>
ST_11 : Operation 96 [1/1] (2.53ns)   --->   "%tmpmult_1_V = call fastcc i16 @"product_dense<ap_fixed,ap_fixed,ap_fixed >"(i16 %trunc_ln83, i16 %tmp_5)" [firmware/nnet_utils/nnet_dense_resource.h:83->firmware/nnet_utils/nnet_dense_resource.h:278->firmware/nnet_utils/nnet_conv2d_stream.h:183->firmware/nnet_utils/nnet_conv2d_stream.h:388]   --->   Operation 96 'call' 'tmpmult_1_V' <Predicate = (!icmp_ln74)> <Delay = 2.53> <CoreType = "Generic">   --->   Core 0 '' <Latency = 0> <II = 1> <Delay = 1.00> <Generic> <Opcode : >
ST_11 : Operation 97 [1/1] (0.00ns)   --->   "%tmp_6 = call i16 @_ssdm_op_PartSelect.i16.i115.i32.i32(i115 %w2_V_load, i32 32, i32 47)" [firmware/nnet_utils/nnet_dense_resource.h:83->firmware/nnet_utils/nnet_dense_resource.h:278->firmware/nnet_utils/nnet_conv2d_stream.h:183->firmware/nnet_utils/nnet_conv2d_stream.h:388]   --->   Operation 97 'partselect' 'tmp_6' <Predicate = (!icmp_ln74)> <Delay = 0.00>
ST_11 : Operation 98 [1/1] (2.53ns)   --->   "%tmpmult_2_V = call fastcc i16 @"product_dense<ap_fixed,ap_fixed,ap_fixed >"(i16 %trunc_ln83, i16 %tmp_6)" [firmware/nnet_utils/nnet_dense_resource.h:83->firmware/nnet_utils/nnet_dense_resource.h:278->firmware/nnet_utils/nnet_conv2d_stream.h:183->firmware/nnet_utils/nnet_conv2d_stream.h:388]   --->   Operation 98 'call' 'tmpmult_2_V' <Predicate = (!icmp_ln74)> <Delay = 2.53> <CoreType = "Generic">   --->   Core 0 '' <Latency = 0> <II = 1> <Delay = 1.00> <Generic> <Opcode : >
ST_11 : Operation 99 [1/1] (0.00ns)   --->   "%tmp_7 = call i16 @_ssdm_op_PartSelect.i16.i115.i32.i32(i115 %w2_V_load, i32 48, i32 63)" [firmware/nnet_utils/nnet_dense_resource.h:83->firmware/nnet_utils/nnet_dense_resource.h:278->firmware/nnet_utils/nnet_conv2d_stream.h:183->firmware/nnet_utils/nnet_conv2d_stream.h:388]   --->   Operation 99 'partselect' 'tmp_7' <Predicate = (!icmp_ln74)> <Delay = 0.00>
ST_11 : Operation 100 [1/1] (2.53ns)   --->   "%tmpmult_3_V = call fastcc i16 @"product_dense<ap_fixed,ap_fixed,ap_fixed >"(i16 %trunc_ln83, i16 %tmp_7)" [firmware/nnet_utils/nnet_dense_resource.h:83->firmware/nnet_utils/nnet_dense_resource.h:278->firmware/nnet_utils/nnet_conv2d_stream.h:183->firmware/nnet_utils/nnet_conv2d_stream.h:388]   --->   Operation 100 'call' 'tmpmult_3_V' <Predicate = (!icmp_ln74)> <Delay = 2.53> <CoreType = "Generic">   --->   Core 0 '' <Latency = 0> <II = 1> <Delay = 1.00> <Generic> <Opcode : >
ST_11 : Operation 101 [1/1] (0.00ns)   --->   "%tmp_8 = call i16 @_ssdm_op_PartSelect.i16.i115.i32.i32(i115 %w2_V_load, i32 64, i32 79)" [firmware/nnet_utils/nnet_dense_resource.h:83->firmware/nnet_utils/nnet_dense_resource.h:278->firmware/nnet_utils/nnet_conv2d_stream.h:183->firmware/nnet_utils/nnet_conv2d_stream.h:388]   --->   Operation 101 'partselect' 'tmp_8' <Predicate = (!icmp_ln74)> <Delay = 0.00>
ST_11 : Operation 102 [1/1] (2.53ns)   --->   "%tmpmult_4_V = call fastcc i16 @"product_dense<ap_fixed,ap_fixed,ap_fixed >"(i16 %trunc_ln83, i16 %tmp_8)" [firmware/nnet_utils/nnet_dense_resource.h:83->firmware/nnet_utils/nnet_dense_resource.h:278->firmware/nnet_utils/nnet_conv2d_stream.h:183->firmware/nnet_utils/nnet_conv2d_stream.h:388]   --->   Operation 102 'call' 'tmpmult_4_V' <Predicate = (!icmp_ln74)> <Delay = 2.53> <CoreType = "Generic">   --->   Core 0 '' <Latency = 0> <II = 1> <Delay = 1.00> <Generic> <Opcode : >
ST_11 : Operation 103 [1/1] (0.00ns)   --->   "%tmp_9 = call i16 @_ssdm_op_PartSelect.i16.i115.i32.i32(i115 %w2_V_load, i32 80, i32 95)" [firmware/nnet_utils/nnet_dense_resource.h:83->firmware/nnet_utils/nnet_dense_resource.h:278->firmware/nnet_utils/nnet_conv2d_stream.h:183->firmware/nnet_utils/nnet_conv2d_stream.h:388]   --->   Operation 103 'partselect' 'tmp_9' <Predicate = (!icmp_ln74)> <Delay = 0.00>
ST_11 : Operation 104 [1/1] (2.53ns)   --->   "%tmpmult_5_V = call fastcc i16 @"product_dense<ap_fixed,ap_fixed,ap_fixed >"(i16 %trunc_ln83, i16 %tmp_9)" [firmware/nnet_utils/nnet_dense_resource.h:83->firmware/nnet_utils/nnet_dense_resource.h:278->firmware/nnet_utils/nnet_conv2d_stream.h:183->firmware/nnet_utils/nnet_conv2d_stream.h:388]   --->   Operation 104 'call' 'tmpmult_5_V' <Predicate = (!icmp_ln74)> <Delay = 2.53> <CoreType = "Generic">   --->   Core 0 '' <Latency = 0> <II = 1> <Delay = 1.00> <Generic> <Opcode : >
ST_11 : Operation 105 [1/1] (0.00ns)   --->   "%tmp_s = call i16 @_ssdm_op_PartSelect.i16.i115.i32.i32(i115 %w2_V_load, i32 96, i32 111)" [firmware/nnet_utils/nnet_dense_resource.h:83->firmware/nnet_utils/nnet_dense_resource.h:278->firmware/nnet_utils/nnet_conv2d_stream.h:183->firmware/nnet_utils/nnet_conv2d_stream.h:388]   --->   Operation 105 'partselect' 'tmp_s' <Predicate = (!icmp_ln74)> <Delay = 0.00>
ST_11 : Operation 106 [1/1] (2.53ns)   --->   "%tmpmult_6_V = call fastcc i16 @"product_dense<ap_fixed,ap_fixed,ap_fixed >"(i16 %trunc_ln83, i16 %tmp_s)" [firmware/nnet_utils/nnet_dense_resource.h:83->firmware/nnet_utils/nnet_dense_resource.h:278->firmware/nnet_utils/nnet_conv2d_stream.h:183->firmware/nnet_utils/nnet_conv2d_stream.h:388]   --->   Operation 106 'call' 'tmpmult_6_V' <Predicate = (!icmp_ln74)> <Delay = 2.53> <CoreType = "Generic">   --->   Core 0 '' <Latency = 0> <II = 1> <Delay = 1.00> <Generic> <Opcode : >
ST_11 : Operation 107 [1/1] (0.00ns)   --->   "%tmp_2 = call i3 @_ssdm_op_PartSelect.i3.i115.i32.i32(i115 %w2_V_load, i32 112, i32 114)" [firmware/nnet_utils/nnet_dense_resource.h:83->firmware/nnet_utils/nnet_dense_resource.h:278->firmware/nnet_utils/nnet_conv2d_stream.h:183->firmware/nnet_utils/nnet_conv2d_stream.h:388]   --->   Operation 107 'partselect' 'tmp_2' <Predicate = (!icmp_ln74)> <Delay = 0.00>
ST_11 : Operation 108 [1/1] (0.00ns)   --->   "%zext_ln83_1 = zext i3 %tmp_2 to i16" [firmware/nnet_utils/nnet_dense_resource.h:83->firmware/nnet_utils/nnet_dense_resource.h:278->firmware/nnet_utils/nnet_conv2d_stream.h:183->firmware/nnet_utils/nnet_conv2d_stream.h:388]   --->   Operation 108 'zext' 'zext_ln83_1' <Predicate = (!icmp_ln74)> <Delay = 0.00>
ST_11 : Operation 109 [1/1] (2.53ns)   --->   "%op_V_assign_2_0_7 = call fastcc i16 @"product_dense<ap_fixed,ap_fixed,ap_fixed >"(i16 %trunc_ln83, i16 %zext_ln83_1)" [firmware/nnet_utils/nnet_dense_resource.h:83->firmware/nnet_utils/nnet_dense_resource.h:278->firmware/nnet_utils/nnet_conv2d_stream.h:183->firmware/nnet_utils/nnet_conv2d_stream.h:388]   --->   Operation 109 'call' 'op_V_assign_2_0_7' <Predicate = (!icmp_ln74)> <Delay = 2.53> <CoreType = "Generic">   --->   Core 0 '' <Latency = 0> <II = 1> <Delay = 1.00> <Generic> <Opcode : >

State 12 <SV = 11> <Delay = 0.85>
ST_12 : Operation 110 [1/1] (0.00ns)   --->   "%tmp = call i32 (...)* @_ssdm_op_SpecRegionBegin([13 x i8]* @p_str14)" [firmware/nnet_utils/nnet_dense_resource.h:74->firmware/nnet_utils/nnet_dense_resource.h:278->firmware/nnet_utils/nnet_conv2d_stream.h:183->firmware/nnet_utils/nnet_conv2d_stream.h:388]   --->   Operation 110 'specregionbegin' 'tmp' <Predicate = (!icmp_ln74)> <Delay = 0.00>
ST_12 : Operation 111 [1/1] (0.00ns)   --->   "call void (...)* @_ssdm_op_SpecPipeline(i32 1, i32 1, i32 1, i32 0, [1 x i8]* @p_str5) nounwind" [firmware/nnet_utils/nnet_dense_resource.h:75->firmware/nnet_utils/nnet_dense_resource.h:278->firmware/nnet_utils/nnet_conv2d_stream.h:183->firmware/nnet_utils/nnet_conv2d_stream.h:388]   --->   Operation 111 'specpipeline' <Predicate = (!icmp_ln74)> <Delay = 0.00>
ST_12 : Operation 112 [1/1] (0.85ns)   --->   "%acc_0_V = add i16 %tmpmult_0_V, %tmp_V_15" [firmware/nnet_utils/nnet_dense_resource.h:94->firmware/nnet_utils/nnet_dense_resource.h:278->firmware/nnet_utils/nnet_conv2d_stream.h:183->firmware/nnet_utils/nnet_conv2d_stream.h:388]   --->   Operation 112 'add' 'acc_0_V' <Predicate = (!icmp_ln74)> <Delay = 0.85> <Core = "AddSub">   --->   Core 14 'AddSub' <Latency = 0> <II = 1> <Delay = 1.01> <FuncUnit> <Opcode : 'add' 'sub'> <InPorts = 2> <OutPorts = 1>
ST_12 : Operation 113 [1/1] (0.85ns)   --->   "%acc_1_V = add i16 %tmpmult_1_V, %tmp_V_16" [firmware/nnet_utils/nnet_dense_resource.h:94->firmware/nnet_utils/nnet_dense_resource.h:278->firmware/nnet_utils/nnet_conv2d_stream.h:183->firmware/nnet_utils/nnet_conv2d_stream.h:388]   --->   Operation 113 'add' 'acc_1_V' <Predicate = (!icmp_ln74)> <Delay = 0.85> <Core = "AddSub">   --->   Core 14 'AddSub' <Latency = 0> <II = 1> <Delay = 1.01> <FuncUnit> <Opcode : 'add' 'sub'> <InPorts = 2> <OutPorts = 1>
ST_12 : Operation 114 [1/1] (0.85ns)   --->   "%acc_2_V = add i16 %tmpmult_2_V, %tmp_V_17" [firmware/nnet_utils/nnet_dense_resource.h:94->firmware/nnet_utils/nnet_dense_resource.h:278->firmware/nnet_utils/nnet_conv2d_stream.h:183->firmware/nnet_utils/nnet_conv2d_stream.h:388]   --->   Operation 114 'add' 'acc_2_V' <Predicate = (!icmp_ln74)> <Delay = 0.85> <Core = "AddSub">   --->   Core 14 'AddSub' <Latency = 0> <II = 1> <Delay = 1.01> <FuncUnit> <Opcode : 'add' 'sub'> <InPorts = 2> <OutPorts = 1>
ST_12 : Operation 115 [1/1] (0.85ns)   --->   "%acc_3_V = add i16 %tmpmult_3_V, %tmp_V_18" [firmware/nnet_utils/nnet_dense_resource.h:94->firmware/nnet_utils/nnet_dense_resource.h:278->firmware/nnet_utils/nnet_conv2d_stream.h:183->firmware/nnet_utils/nnet_conv2d_stream.h:388]   --->   Operation 115 'add' 'acc_3_V' <Predicate = (!icmp_ln74)> <Delay = 0.85> <Core = "AddSub">   --->   Core 14 'AddSub' <Latency = 0> <II = 1> <Delay = 1.01> <FuncUnit> <Opcode : 'add' 'sub'> <InPorts = 2> <OutPorts = 1>
ST_12 : Operation 116 [1/1] (0.85ns)   --->   "%acc_4_V = add i16 %tmpmult_4_V, %tmp_V_19" [firmware/nnet_utils/nnet_dense_resource.h:94->firmware/nnet_utils/nnet_dense_resource.h:278->firmware/nnet_utils/nnet_conv2d_stream.h:183->firmware/nnet_utils/nnet_conv2d_stream.h:388]   --->   Operation 116 'add' 'acc_4_V' <Predicate = (!icmp_ln74)> <Delay = 0.85> <Core = "AddSub">   --->   Core 14 'AddSub' <Latency = 0> <II = 1> <Delay = 1.01> <FuncUnit> <Opcode : 'add' 'sub'> <InPorts = 2> <OutPorts = 1>
ST_12 : Operation 117 [1/1] (0.85ns)   --->   "%acc_5_V = add i16 %tmpmult_5_V, %tmp_V_20" [firmware/nnet_utils/nnet_dense_resource.h:94->firmware/nnet_utils/nnet_dense_resource.h:278->firmware/nnet_utils/nnet_conv2d_stream.h:183->firmware/nnet_utils/nnet_conv2d_stream.h:388]   --->   Operation 117 'add' 'acc_5_V' <Predicate = (!icmp_ln74)> <Delay = 0.85> <Core = "AddSub">   --->   Core 14 'AddSub' <Latency = 0> <II = 1> <Delay = 1.01> <FuncUnit> <Opcode : 'add' 'sub'> <InPorts = 2> <OutPorts = 1>
ST_12 : Operation 118 [1/1] (0.85ns)   --->   "%acc_6_V = add i16 %tmpmult_6_V, %tmp_V_21" [firmware/nnet_utils/nnet_dense_resource.h:94->firmware/nnet_utils/nnet_dense_resource.h:278->firmware/nnet_utils/nnet_conv2d_stream.h:183->firmware/nnet_utils/nnet_conv2d_stream.h:388]   --->   Operation 118 'add' 'acc_6_V' <Predicate = (!icmp_ln74)> <Delay = 0.85> <Core = "AddSub">   --->   Core 14 'AddSub' <Latency = 0> <II = 1> <Delay = 1.01> <FuncUnit> <Opcode : 'add' 'sub'> <InPorts = 2> <OutPorts = 1>
ST_12 : Operation 119 [1/1] (0.85ns)   --->   "%acc_7_V = add i16 %op_V_assign_2_0_7, %tmp_V_22" [firmware/nnet_utils/nnet_dense_resource.h:94->firmware/nnet_utils/nnet_dense_resource.h:278->firmware/nnet_utils/nnet_conv2d_stream.h:183->firmware/nnet_utils/nnet_conv2d_stream.h:388]   --->   Operation 119 'add' 'acc_7_V' <Predicate = (!icmp_ln74)> <Delay = 0.85> <Core = "AddSub">   --->   Core 14 'AddSub' <Latency = 0> <II = 1> <Delay = 1.01> <FuncUnit> <Opcode : 'add' 'sub'> <InPorts = 2> <OutPorts = 1>
ST_12 : Operation 120 [1/1] (0.00ns)   --->   "%empty_22 = call i32 (...)* @_ssdm_op_SpecRegionEnd([13 x i8]* @p_str14, i32 %tmp)" [firmware/nnet_utils/nnet_dense_resource.h:96->firmware/nnet_utils/nnet_dense_resource.h:278->firmware/nnet_utils/nnet_conv2d_stream.h:183->firmware/nnet_utils/nnet_conv2d_stream.h:388]   --->   Operation 120 'specregionend' 'empty_22' <Predicate = (!icmp_ln74)> <Delay = 0.00>
ST_12 : Operation 121 [1/1] (0.00ns)   --->   "br label %.preheader63.i.i.i" [firmware/nnet_utils/nnet_dense_resource.h:74->firmware/nnet_utils/nnet_dense_resource.h:278->firmware/nnet_utils/nnet_conv2d_stream.h:183->firmware/nnet_utils/nnet_conv2d_stream.h:388]   --->   Operation 121 'br' <Predicate = (!icmp_ln74)> <Delay = 0.00>

State 13 <SV = 10> <Delay = 0.00>
ST_13 : Operation 122 [2/2] (0.00ns)   --->   "call void @_ssdm_op_Write.axis.volatile.i16P(i16* %res_V_V, i16 %tmp_V_15)" [firmware/nnet_utils/nnet_conv2d_stream.h:190->firmware/nnet_utils/nnet_conv2d_stream.h:388]   --->   Operation 122 'write' <Predicate = true> <Delay = 0.00> <Core = "AXI4Stream">   --->   Core 5 'AXI4Stream' <Latency = 0> <II = 1> <Delay = 1.00> <Adapter> <Opcode : >

State 14 <SV = 11> <Delay = 0.00>
ST_14 : Operation 123 [1/2] (0.00ns)   --->   "call void @_ssdm_op_Write.axis.volatile.i16P(i16* %res_V_V, i16 %tmp_V_15)" [firmware/nnet_utils/nnet_conv2d_stream.h:190->firmware/nnet_utils/nnet_conv2d_stream.h:388]   --->   Operation 123 'write' <Predicate = true> <Delay = 0.00> <Core = "AXI4Stream">   --->   Core 5 'AXI4Stream' <Latency = 0> <II = 1> <Delay = 1.00> <Adapter> <Opcode : >
ST_14 : Operation 124 [2/2] (0.00ns)   --->   "call void @_ssdm_op_Write.axis.volatile.i16P(i16* %res_V_V, i16 %tmp_V_16)" [firmware/nnet_utils/nnet_conv2d_stream.h:190->firmware/nnet_utils/nnet_conv2d_stream.h:388]   --->   Operation 124 'write' <Predicate = true> <Delay = 0.00> <Core = "AXI4Stream">   --->   Core 5 'AXI4Stream' <Latency = 0> <II = 1> <Delay = 1.00> <Adapter> <Opcode : >

State 15 <SV = 12> <Delay = 0.00>
ST_15 : Operation 125 [1/2] (0.00ns)   --->   "call void @_ssdm_op_Write.axis.volatile.i16P(i16* %res_V_V, i16 %tmp_V_16)" [firmware/nnet_utils/nnet_conv2d_stream.h:190->firmware/nnet_utils/nnet_conv2d_stream.h:388]   --->   Operation 125 'write' <Predicate = true> <Delay = 0.00> <Core = "AXI4Stream">   --->   Core 5 'AXI4Stream' <Latency = 0> <II = 1> <Delay = 1.00> <Adapter> <Opcode : >
ST_15 : Operation 126 [2/2] (0.00ns)   --->   "call void @_ssdm_op_Write.axis.volatile.i16P(i16* %res_V_V, i16 %tmp_V_17)" [firmware/nnet_utils/nnet_conv2d_stream.h:190->firmware/nnet_utils/nnet_conv2d_stream.h:388]   --->   Operation 126 'write' <Predicate = true> <Delay = 0.00> <Core = "AXI4Stream">   --->   Core 5 'AXI4Stream' <Latency = 0> <II = 1> <Delay = 1.00> <Adapter> <Opcode : >

State 16 <SV = 13> <Delay = 0.00>
ST_16 : Operation 127 [1/2] (0.00ns)   --->   "call void @_ssdm_op_Write.axis.volatile.i16P(i16* %res_V_V, i16 %tmp_V_17)" [firmware/nnet_utils/nnet_conv2d_stream.h:190->firmware/nnet_utils/nnet_conv2d_stream.h:388]   --->   Operation 127 'write' <Predicate = true> <Delay = 0.00> <Core = "AXI4Stream">   --->   Core 5 'AXI4Stream' <Latency = 0> <II = 1> <Delay = 1.00> <Adapter> <Opcode : >
ST_16 : Operation 128 [2/2] (0.00ns)   --->   "call void @_ssdm_op_Write.axis.volatile.i16P(i16* %res_V_V, i16 %tmp_V_18)" [firmware/nnet_utils/nnet_conv2d_stream.h:190->firmware/nnet_utils/nnet_conv2d_stream.h:388]   --->   Operation 128 'write' <Predicate = true> <Delay = 0.00> <Core = "AXI4Stream">   --->   Core 5 'AXI4Stream' <Latency = 0> <II = 1> <Delay = 1.00> <Adapter> <Opcode : >

State 17 <SV = 14> <Delay = 0.00>
ST_17 : Operation 129 [1/2] (0.00ns)   --->   "call void @_ssdm_op_Write.axis.volatile.i16P(i16* %res_V_V, i16 %tmp_V_18)" [firmware/nnet_utils/nnet_conv2d_stream.h:190->firmware/nnet_utils/nnet_conv2d_stream.h:388]   --->   Operation 129 'write' <Predicate = true> <Delay = 0.00> <Core = "AXI4Stream">   --->   Core 5 'AXI4Stream' <Latency = 0> <II = 1> <Delay = 1.00> <Adapter> <Opcode : >
ST_17 : Operation 130 [2/2] (0.00ns)   --->   "call void @_ssdm_op_Write.axis.volatile.i16P(i16* %res_V_V, i16 %tmp_V_19)" [firmware/nnet_utils/nnet_conv2d_stream.h:190->firmware/nnet_utils/nnet_conv2d_stream.h:388]   --->   Operation 130 'write' <Predicate = true> <Delay = 0.00> <Core = "AXI4Stream">   --->   Core 5 'AXI4Stream' <Latency = 0> <II = 1> <Delay = 1.00> <Adapter> <Opcode : >

State 18 <SV = 15> <Delay = 0.00>
ST_18 : Operation 131 [1/2] (0.00ns)   --->   "call void @_ssdm_op_Write.axis.volatile.i16P(i16* %res_V_V, i16 %tmp_V_19)" [firmware/nnet_utils/nnet_conv2d_stream.h:190->firmware/nnet_utils/nnet_conv2d_stream.h:388]   --->   Operation 131 'write' <Predicate = true> <Delay = 0.00> <Core = "AXI4Stream">   --->   Core 5 'AXI4Stream' <Latency = 0> <II = 1> <Delay = 1.00> <Adapter> <Opcode : >
ST_18 : Operation 132 [2/2] (0.00ns)   --->   "call void @_ssdm_op_Write.axis.volatile.i16P(i16* %res_V_V, i16 %tmp_V_20)" [firmware/nnet_utils/nnet_conv2d_stream.h:190->firmware/nnet_utils/nnet_conv2d_stream.h:388]   --->   Operation 132 'write' <Predicate = true> <Delay = 0.00> <Core = "AXI4Stream">   --->   Core 5 'AXI4Stream' <Latency = 0> <II = 1> <Delay = 1.00> <Adapter> <Opcode : >

State 19 <SV = 16> <Delay = 0.00>
ST_19 : Operation 133 [1/2] (0.00ns)   --->   "call void @_ssdm_op_Write.axis.volatile.i16P(i16* %res_V_V, i16 %tmp_V_20)" [firmware/nnet_utils/nnet_conv2d_stream.h:190->firmware/nnet_utils/nnet_conv2d_stream.h:388]   --->   Operation 133 'write' <Predicate = true> <Delay = 0.00> <Core = "AXI4Stream">   --->   Core 5 'AXI4Stream' <Latency = 0> <II = 1> <Delay = 1.00> <Adapter> <Opcode : >
ST_19 : Operation 134 [2/2] (0.00ns)   --->   "call void @_ssdm_op_Write.axis.volatile.i16P(i16* %res_V_V, i16 %tmp_V_21)" [firmware/nnet_utils/nnet_conv2d_stream.h:190->firmware/nnet_utils/nnet_conv2d_stream.h:388]   --->   Operation 134 'write' <Predicate = true> <Delay = 0.00> <Core = "AXI4Stream">   --->   Core 5 'AXI4Stream' <Latency = 0> <II = 1> <Delay = 1.00> <Adapter> <Opcode : >

State 20 <SV = 17> <Delay = 0.00>
ST_20 : Operation 135 [1/2] (0.00ns)   --->   "call void @_ssdm_op_Write.axis.volatile.i16P(i16* %res_V_V, i16 %tmp_V_21)" [firmware/nnet_utils/nnet_conv2d_stream.h:190->firmware/nnet_utils/nnet_conv2d_stream.h:388]   --->   Operation 135 'write' <Predicate = true> <Delay = 0.00> <Core = "AXI4Stream">   --->   Core 5 'AXI4Stream' <Latency = 0> <II = 1> <Delay = 1.00> <Adapter> <Opcode : >
ST_20 : Operation 136 [2/2] (0.00ns)   --->   "call void @_ssdm_op_Write.axis.volatile.i16P(i16* %res_V_V, i16 %tmp_V_22)" [firmware/nnet_utils/nnet_conv2d_stream.h:190->firmware/nnet_utils/nnet_conv2d_stream.h:388]   --->   Operation 136 'write' <Predicate = true> <Delay = 0.00> <Core = "AXI4Stream">   --->   Core 5 'AXI4Stream' <Latency = 0> <II = 1> <Delay = 1.00> <Adapter> <Opcode : >

State 21 <SV = 18> <Delay = 2.12>
ST_21 : Operation 137 [1/1] (0.00ns)   --->   "%rend58_i = call i32 (...)* @_ssdm_op_SpecRegionEnd([140 x i8]* @nnet_KD_KD_dense_resource_MD_ap_fixed_MD_16_MC_AC_14_MC_A, i32 %rbegin57_i) nounwind" [firmware/nnet_utils/nnet_conv2d_stream.h:187->firmware/nnet_utils/nnet_conv2d_stream.h:388]   --->   Operation 137 'specregionend' 'rend58_i' <Predicate = (and_ln176_2)> <Delay = 0.00>
ST_21 : Operation 138 [1/2] (0.00ns)   --->   "call void @_ssdm_op_Write.axis.volatile.i16P(i16* %res_V_V, i16 %tmp_V_22)" [firmware/nnet_utils/nnet_conv2d_stream.h:190->firmware/nnet_utils/nnet_conv2d_stream.h:388]   --->   Operation 138 'write' <Predicate = (and_ln176_2)> <Delay = 0.00> <Core = "AXI4Stream">   --->   Core 5 'AXI4Stream' <Latency = 0> <II = 1> <Delay = 1.00> <Adapter> <Opcode : >
ST_21 : Operation 139 [1/1] (0.00ns)   --->   "br label %._crit_edge52.i" [firmware/nnet_utils/nnet_conv2d_stream.h:195->firmware/nnet_utils/nnet_conv2d_stream.h:388]   --->   Operation 139 'br' <Predicate = (and_ln176_2)> <Delay = 0.00>
ST_21 : Operation 140 [1/1] (0.99ns)   --->   "%icmp_ln198 = icmp eq i32 %pX_load, 4" [firmware/nnet_utils/nnet_conv2d_stream.h:198->firmware/nnet_utils/nnet_conv2d_stream.h:388]   --->   Operation 140 'icmp' 'icmp_ln198' <Predicate = true> <Delay = 0.99> <Core = "Cmp">   --->   Core 25 'Cmp' <Latency = 0> <II = 1> <Delay = 0.99> <FuncUnit> <Opcode : 'icmp'> <InPorts = 2> <OutPorts = 1>
ST_21 : Operation 141 [1/1] (0.00ns)   --->   "br i1 %icmp_ln198, label %1, label %5" [firmware/nnet_utils/nnet_conv2d_stream.h:198->firmware/nnet_utils/nnet_conv2d_stream.h:388]   --->   Operation 141 'br' <Predicate = true> <Delay = 0.00>
ST_21 : Operation 142 [1/1] (1.01ns)   --->   "%add_ln211 = add nsw i32 %pX_load, 1" [firmware/nnet_utils/nnet_conv2d_stream.h:211->firmware/nnet_utils/nnet_conv2d_stream.h:388]   --->   Operation 142 'add' 'add_ln211' <Predicate = (!icmp_ln198)> <Delay = 1.01> <Core = "AddSub">   --->   Core 14 'AddSub' <Latency = 0> <II = 1> <Delay = 1.01> <FuncUnit> <Opcode : 'add' 'sub'> <InPorts = 2> <OutPorts = 1>
ST_21 : Operation 143 [1/1] (0.65ns)   --->   "store i32 %add_ln211, i32* @pX, align 4" [firmware/nnet_utils/nnet_conv2d_stream.h:211->firmware/nnet_utils/nnet_conv2d_stream.h:388]   --->   Operation 143 'store' <Predicate = (!icmp_ln198)> <Delay = 0.65>
ST_21 : Operation 144 [1/1] (1.01ns)   --->   "%add_ln213 = add i32 %sX_load, 1" [firmware/nnet_utils/nnet_conv2d_stream.h:213->firmware/nnet_utils/nnet_conv2d_stream.h:388]   --->   Operation 144 'add' 'add_ln213' <Predicate = (!icmp_ln198 & !icmp_ln176)> <Delay = 1.01> <Core = "AddSub">   --->   Core 14 'AddSub' <Latency = 0> <II = 1> <Delay = 1.01> <FuncUnit> <Opcode : 'add' 'sub'> <InPorts = 2> <OutPorts = 1>
ST_21 : Operation 145 [1/1] (0.44ns)   --->   "%select_ln213 = select i1 %icmp_ln176, i32 2, i32 %add_ln213" [firmware/nnet_utils/nnet_conv2d_stream.h:213->firmware/nnet_utils/nnet_conv2d_stream.h:388]   --->   Operation 145 'select' 'select_ln213' <Predicate = (!icmp_ln198)> <Delay = 0.44> <Core = "Sel">   --->   Core 26 'Sel' <Latency = 0> <II = 1> <Delay = 0.44> <FuncUnit> <Opcode : 'select'> <InPorts = 3> <OutPorts = 1>
ST_21 : Operation 146 [1/1] (0.65ns)   --->   "store i32 %select_ln213, i32* @sX, align 4" [firmware/nnet_utils/nnet_conv2d_stream.h:213->firmware/nnet_utils/nnet_conv2d_stream.h:388]   --->   Operation 146 'store' <Predicate = (!icmp_ln198)> <Delay = 0.65>
ST_21 : Operation 147 [1/1] (0.00ns)   --->   "br label %6"   --->   Operation 147 'br' <Predicate = (!icmp_ln198)> <Delay = 0.00>
ST_21 : Operation 148 [1/1] (0.65ns)   --->   "store i32 0, i32* @pX, align 4" [firmware/nnet_utils/nnet_conv2d_stream.h:200->firmware/nnet_utils/nnet_conv2d_stream.h:388]   --->   Operation 148 'store' <Predicate = (icmp_ln198)> <Delay = 0.65>
ST_21 : Operation 149 [1/1] (0.65ns)   --->   "store i32 0, i32* @sX, align 4" [firmware/nnet_utils/nnet_conv2d_stream.h:201->firmware/nnet_utils/nnet_conv2d_stream.h:388]   --->   Operation 149 'store' <Predicate = (icmp_ln198)> <Delay = 0.65>
ST_21 : Operation 150 [1/1] (0.99ns)   --->   "%icmp_ln202 = icmp eq i32 %pY_load, 4" [firmware/nnet_utils/nnet_conv2d_stream.h:202->firmware/nnet_utils/nnet_conv2d_stream.h:388]   --->   Operation 150 'icmp' 'icmp_ln202' <Predicate = (icmp_ln198)> <Delay = 0.99> <Core = "Cmp">   --->   Core 25 'Cmp' <Latency = 0> <II = 1> <Delay = 0.99> <FuncUnit> <Opcode : 'icmp'> <InPorts = 2> <OutPorts = 1>
ST_21 : Operation 151 [1/1] (0.00ns)   --->   "br i1 %icmp_ln202, label %2, label %3" [firmware/nnet_utils/nnet_conv2d_stream.h:202->firmware/nnet_utils/nnet_conv2d_stream.h:388]   --->   Operation 151 'br' <Predicate = (icmp_ln198)> <Delay = 0.00>
ST_21 : Operation 152 [1/1] (1.01ns)   --->   "%add_ln206 = add nsw i32 %pY_load, 1" [firmware/nnet_utils/nnet_conv2d_stream.h:206->firmware/nnet_utils/nnet_conv2d_stream.h:388]   --->   Operation 152 'add' 'add_ln206' <Predicate = (icmp_ln198 & !icmp_ln202)> <Delay = 1.01> <Core = "AddSub">   --->   Core 14 'AddSub' <Latency = 0> <II = 1> <Delay = 1.01> <FuncUnit> <Opcode : 'add' 'sub'> <InPorts = 2> <OutPorts = 1>
ST_21 : Operation 153 [1/1] (0.65ns)   --->   "store i32 %add_ln206, i32* @pY, align 4" [firmware/nnet_utils/nnet_conv2d_stream.h:206->firmware/nnet_utils/nnet_conv2d_stream.h:388]   --->   Operation 153 'store' <Predicate = (icmp_ln198 & !icmp_ln202)> <Delay = 0.65>
ST_21 : Operation 154 [1/1] (1.01ns)   --->   "%add_ln208 = add i32 %sY_load, 1" [firmware/nnet_utils/nnet_conv2d_stream.h:208->firmware/nnet_utils/nnet_conv2d_stream.h:388]   --->   Operation 154 'add' 'add_ln208' <Predicate = (icmp_ln198 & !icmp_ln202 & !icmp_ln176_1)> <Delay = 1.01> <Core = "AddSub">   --->   Core 14 'AddSub' <Latency = 0> <II = 1> <Delay = 1.01> <FuncUnit> <Opcode : 'add' 'sub'> <InPorts = 2> <OutPorts = 1>
ST_21 : Operation 155 [1/1] (0.44ns)   --->   "%select_ln208 = select i1 %icmp_ln176_1, i32 2, i32 %add_ln208" [firmware/nnet_utils/nnet_conv2d_stream.h:208->firmware/nnet_utils/nnet_conv2d_stream.h:388]   --->   Operation 155 'select' 'select_ln208' <Predicate = (icmp_ln198 & !icmp_ln202)> <Delay = 0.44> <Core = "Sel">   --->   Core 26 'Sel' <Latency = 0> <II = 1> <Delay = 0.44> <FuncUnit> <Opcode : 'select'> <InPorts = 3> <OutPorts = 1>
ST_21 : Operation 156 [1/1] (0.65ns)   --->   "br label %4"   --->   Operation 156 'br' <Predicate = (icmp_ln198 & !icmp_ln202)> <Delay = 0.65>
ST_21 : Operation 157 [1/1] (0.65ns)   --->   "store i32 0, i32* @pY, align 4" [firmware/nnet_utils/nnet_conv2d_stream.h:203->firmware/nnet_utils/nnet_conv2d_stream.h:388]   --->   Operation 157 'store' <Predicate = (icmp_ln198 & icmp_ln202)> <Delay = 0.65>
ST_21 : Operation 158 [1/1] (0.65ns)   --->   "br label %4" [firmware/nnet_utils/nnet_conv2d_stream.h:205->firmware/nnet_utils/nnet_conv2d_stream.h:388]   --->   Operation 158 'br' <Predicate = (icmp_ln198 & icmp_ln202)> <Delay = 0.65>
ST_21 : Operation 159 [1/1] (0.00ns)   --->   "%storemerge_i = phi i32 [ %select_ln208, %3 ], [ 0, %2 ]" [firmware/nnet_utils/nnet_conv2d_stream.h:208->firmware/nnet_utils/nnet_conv2d_stream.h:388]   --->   Operation 159 'phi' 'storemerge_i' <Predicate = (icmp_ln198)> <Delay = 0.00>
ST_21 : Operation 160 [1/1] (0.00ns)   --->   "store i32 %storemerge_i, i32* @sY, align 4" [firmware/nnet_utils/nnet_conv2d_stream.h:204->firmware/nnet_utils/nnet_conv2d_stream.h:388]   --->   Operation 160 'store' <Predicate = (icmp_ln198)> <Delay = 0.00>
ST_21 : Operation 161 [1/1] (0.00ns)   --->   "br label %6" [firmware/nnet_utils/nnet_conv2d_stream.h:210->firmware/nnet_utils/nnet_conv2d_stream.h:388]   --->   Operation 161 'br' <Predicate = (icmp_ln198)> <Delay = 0.00>
ST_21 : Operation 162 [1/1] (0.00ns)   --->   "br label %0" [firmware/nnet_utils/nnet_conv2d_stream.h:167->firmware/nnet_utils/nnet_conv2d_stream.h:388]   --->   Operation 162 'br' <Predicate = true> <Delay = 0.00>


============================================================
+ Verbose Summary: Timing violations
============================================================
Target clock period: 5ns, clock uncertainty: 0.625ns.

 <State 1>: 0.656ns
The critical path consists of the following:
	multiplexor before 'phi' operation ('i') with incoming values : ('i', firmware/nnet_utils/nnet_conv2d_stream.h:167->firmware/nnet_utils/nnet_conv2d_stream.h:388) [33]  (0.656 ns)

 <State 2>: 1.84ns
The critical path consists of the following:
	fifo read on port 'data_V_V' (firmware/nnet_utils/nnet_conv2d_stream.h:171->firmware/nnet_utils/nnet_conv2d_stream.h:388) [39]  (1.84 ns)

 <State 3>: 1.84ns
The critical path consists of the following:
	fifo read on port 'data_V_V' (firmware/nnet_utils/nnet_conv2d_stream.h:171->firmware/nnet_utils/nnet_conv2d_stream.h:388) [40]  (1.84 ns)

 <State 4>: 1.84ns
The critical path consists of the following:
	fifo read on port 'data_V_V' (firmware/nnet_utils/nnet_conv2d_stream.h:171->firmware/nnet_utils/nnet_conv2d_stream.h:388) [41]  (1.84 ns)

 <State 5>: 1.84ns
The critical path consists of the following:
	fifo read on port 'data_V_V' (firmware/nnet_utils/nnet_conv2d_stream.h:171->firmware/nnet_utils/nnet_conv2d_stream.h:388) [42]  (1.84 ns)

 <State 6>: 1.84ns
The critical path consists of the following:
	fifo read on port 'data_V_V' (firmware/nnet_utils/nnet_conv2d_stream.h:171->firmware/nnet_utils/nnet_conv2d_stream.h:388) [43]  (1.84 ns)

 <State 7>: 1.84ns
The critical path consists of the following:
	fifo read on port 'data_V_V' (firmware/nnet_utils/nnet_conv2d_stream.h:171->firmware/nnet_utils/nnet_conv2d_stream.h:388) [44]  (1.84 ns)

 <State 8>: 1.84ns
The critical path consists of the following:
	fifo read on port 'data_V_V' (firmware/nnet_utils/nnet_conv2d_stream.h:171->firmware/nnet_utils/nnet_conv2d_stream.h:388) [45]  (1.84 ns)

 <State 9>: 3.27ns
The critical path consists of the following:
	fifo read on port 'data_V_V' (firmware/nnet_utils/nnet_conv2d_stream.h:171->firmware/nnet_utils/nnet_conv2d_stream.h:388) [46]  (1.84 ns)
	'call' operation ('call_ret', firmware/nnet_utils/nnet_conv2d_stream.h:171->firmware/nnet_utils/nnet_conv2d_stream.h:388) to 'cnnshift_arr<ap_fixed,ap_fixed<16,14,5,3,0>,config2>' [49]  (1.43 ns)

 <State 10>: 3.75ns
The critical path consists of the following:
	'phi' operation ('ir') with incoming values : ('ir', firmware/nnet_utils/nnet_dense_resource.h:74->firmware/nnet_utils/nnet_dense_resource.h:278->firmware/nnet_utils/nnet_conv2d_stream.h:183->firmware/nnet_utils/nnet_conv2d_stream.h:388) [77]  (0 ns)
	'icmp' operation ('icmp_ln83', firmware/nnet_utils/nnet_dense_resource.h:83->firmware/nnet_utils/nnet_dense_resource.h:278->firmware/nnet_utils/nnet_conv2d_stream.h:183->firmware/nnet_utils/nnet_conv2d_stream.h:388) [87]  (0.944 ns)
	'select' operation ('select_ln83_1', firmware/nnet_utils/nnet_dense_resource.h:83->firmware/nnet_utils/nnet_dense_resource.h:278->firmware/nnet_utils/nnet_conv2d_stream.h:183->firmware/nnet_utils/nnet_conv2d_stream.h:388) [93]  (0 ns)
	'lshr' operation ('lshr_ln83', firmware/nnet_utils/nnet_dense_resource.h:83->firmware/nnet_utils/nnet_dense_resource.h:278->firmware/nnet_utils/nnet_conv2d_stream.h:183->firmware/nnet_utils/nnet_conv2d_stream.h:388) [98]  (1.89 ns)
	'and' operation ('and_ln83', firmware/nnet_utils/nnet_dense_resource.h:83->firmware/nnet_utils/nnet_dense_resource.h:278->firmware/nnet_utils/nnet_conv2d_stream.h:183->firmware/nnet_utils/nnet_conv2d_stream.h:388) [100]  (0.922 ns)

 <State 11>: 3.77ns
The critical path consists of the following:
	'load' operation ('w2_V_load', firmware/nnet_utils/nnet_dense_resource.h:83->firmware/nnet_utils/nnet_dense_resource.h:278->firmware/nnet_utils/nnet_conv2d_stream.h:183->firmware/nnet_utils/nnet_conv2d_stream.h:388) on array 'w2_V' [104]  (1.24 ns)
	'call' operation ('tmpmult[0].V', firmware/nnet_utils/nnet_dense_resource.h:83->firmware/nnet_utils/nnet_dense_resource.h:278->firmware/nnet_utils/nnet_conv2d_stream.h:183->firmware/nnet_utils/nnet_conv2d_stream.h:388) to 'product_dense<ap_fixed,ap_fixed,ap_fixed >' [106]  (2.53 ns)

 <State 12>: 0.853ns
The critical path consists of the following:
	'add' operation ('acc[0].V', firmware/nnet_utils/nnet_dense_resource.h:94->firmware/nnet_utils/nnet_dense_resource.h:278->firmware/nnet_utils/nnet_conv2d_stream.h:183->firmware/nnet_utils/nnet_conv2d_stream.h:388) [122]  (0.853 ns)

 <State 13>: 0ns
The critical path consists of the following:

 <State 14>: 0ns
The critical path consists of the following:

 <State 15>: 0ns
The critical path consists of the following:

 <State 16>: 0ns
The critical path consists of the following:

 <State 17>: 0ns
The critical path consists of the following:

 <State 18>: 0ns
The critical path consists of the following:

 <State 19>: 0ns
The critical path consists of the following:

 <State 20>: 0ns
The critical path consists of the following:

 <State 21>: 2.12ns
The critical path consists of the following:
	'add' operation ('add_ln213', firmware/nnet_utils/nnet_conv2d_stream.h:213->firmware/nnet_utils/nnet_conv2d_stream.h:388) [149]  (1.02 ns)
	'select' operation ('select_ln213', firmware/nnet_utils/nnet_conv2d_stream.h:213->firmware/nnet_utils/nnet_conv2d_stream.h:388) [150]  (0.449 ns)
	'store' operation ('store_ln213', firmware/nnet_utils/nnet_conv2d_stream.h:213->firmware/nnet_utils/nnet_conv2d_stream.h:388) of variable 'select_ln213', firmware/nnet_utils/nnet_conv2d_stream.h:213->firmware/nnet_utils/nnet_conv2d_stream.h:388 on static variable 'sX' [151]  (0.656 ns)


============================================================
+ Verbose Summary: Binding
============================================================
N/A
* FSMD analyzer results:
  - Output states:
 - Input state : 
  - Chain level:
	State 1
	State 2
	State 3
	State 4
	State 5
	State 6
	State 7
	State 8
	State 9
	State 10
	State 11
	State 12
	State 13
	State 14
	State 15
	State 16
	State 17
	State 18
	State 19
	State 20
	State 21


============================================================
+ Verbose Summary: Datapath Resource usage 
============================================================
N/A
