

================================================================
== Vivado HLS Report for 'myproject'
================================================================
* Date:           Wed Jul  6 19:04:54 2022

* Version:        2019.2 (Build 2704478 on Wed Nov 06 22:10:23 MST 2019)
* Project:        myproject_prj
* Solution:       solution1
* Product family: zynquplus
* Target device:  xczu9eg-ffvb1156-2-e


================================================================
== Performance Estimates
================================================================
+ Timing: 
    * Summary: 
    +--------+---------+----------+------------+
    |  Clock |  Target | Estimated| Uncertainty|
    +--------+---------+----------+------------+
    |ap_clk  | 5.00 ns | 3.770 ns |   0.62 ns  |
    +--------+---------+----------+------------+

+ Latency: 
    * Summary: 
    +---------+---------+----------+-----------+-----+------+----------+
    |  Latency (cycles) |  Latency (absolute)  |  Interval  | Pipeline |
    |   min   |   max   |    min   |    max    | min |  max |   Type   |
    +---------+---------+----------+-----------+-----+------+----------+
    |      243|     2293| 1.215 us | 11.465 us |  227|  2277| dataflow |
    +---------+---------+----------+-----------+-----+------+----------+

    + Detail: 
        * Instance: 
        +------------------------------------------------------------------+-------------------------------------------------------+---------+---------+----------+-----------+-----+------+---------+
        |                                                                  |                                                       |  Latency (cycles) |  Latency (absolute)  |  Interval  | Pipeline|
        |                             Instance                             |                         Module                        |   min   |   max   |    min   |    max    | min |  max |   Type  |
        +------------------------------------------------------------------+-------------------------------------------------------+---------+---------+----------+-----------+-----+------+---------+
        |grp_conv_2d_cl_me_ap_fixed_ap_fixed_16_14_5_3_0_config2_s_fu_112  |conv_2d_cl_me_ap_fixed_ap_fixed_16_14_5_3_0_config2_s  |      226|     2276| 1.130 us | 11.380 us |  226|  2276|   none  |
        |grp_zeropad2d_cl_me_ap_fixed_ap_fixed_config4_s_fu_163            |zeropad2d_cl_me_ap_fixed_ap_fixed_config4_s            |      203|      203| 1.015 us |  1.015 us |  203|   203|   none  |
        |call_ln0_Block_proc_fu_170                                        |Block_proc                                             |        0|        0|   0 ns   |    0 ns   |    0|     0|   none  |
        +------------------------------------------------------------------+-------------------------------------------------------+---------+---------+----------+-----------+-----+------+---------+

        * Loop: 
        N/A

============================================================
+ Verbose Summary: Synthesis Manager
============================================================
InlineROM: 1
ExposeGlobal: 0
============================================================
+ Verbose Summary: CDFG Model
============================================================
IsTopModel: 1
ResetActiveHigh: 1
IsCombinational: 2
IsDatapathOnly: 0
HasWiredReturn: 1
HasMFsm: 0
HasVarLatency: 1
IsPipeline: 0
IsRtlPipelined: 0
IsInstanceOverlapped: 0
IsDontTouch: 0
HasImplIP: 0
IsGatedGlobalClock: 0


============================================================
+ Verbose Summary: Schedule
============================================================
* Number of FSM states : 6
* Pipeline : 0
* Dataflow Pipeline: 1
  DF-Pipeline-0: Size = 6, States = { 1 2 3 4 5 6 }

* FSM state transitions: 
1 --> 2 
2 --> 3 
3 --> 4 
4 --> 5 
5 --> 6 
6 --> 

* FSM state operations: 

State 1 <SV = 0> <Delay = 0.00>
ST_1 : Operation 7 [1/1] (0.00ns)   --->   "%layer4_out_V_V = alloca i16, align 2" [firmware/myproject.cpp:58]   --->   Operation 7 'alloca' 'layer4_out_V_V' <Predicate = true> <Delay = 0.00> <Core = "FIFO">   --->   Core 32 'FIFO' <Latency = 0> <II = 1> <Delay = 1.81> <Storage> <Opcode : 'read' 'write' 'nbread' 'nbwrite'> <Ports = 0> <Width = 16> <Depth = 25> <FIFO>

State 2 <SV = 1> <Delay = 0.00>
ST_2 : Operation 8 [2/2] (0.00ns)   --->   "call fastcc void @"zeropad2d_cl_me<ap_fixed,ap_fixed,config4>"(i16* %input_1_V_V, i16* %layer4_out_V_V)" [firmware/myproject.cpp:60]   --->   Operation 8 'call' <Predicate = true> <Delay = 0.00> <CoreType = "Generic">   --->   Core 0 '' <Latency = 0> <II = 1> <Delay = 1.00> <Generic> <Opcode : >

State 3 <SV = 2> <Delay = 0.00>
ST_3 : Operation 9 [1/2] (0.00ns)   --->   "call fastcc void @"zeropad2d_cl_me<ap_fixed,ap_fixed,config4>"(i16* %input_1_V_V, i16* %layer4_out_V_V)" [firmware/myproject.cpp:60]   --->   Operation 9 'call' <Predicate = true> <Delay = 0.00> <CoreType = "Generic">   --->   Core 0 '' <Latency = 0> <II = 1> <Delay = 1.00> <Generic> <Opcode : >

State 4 <SV = 3> <Delay = 0.00>
ST_4 : Operation 10 [2/2] (0.00ns)   --->   "call fastcc void @"conv_2d_cl_me<ap_fixed,ap_fixed<16,14,5,3,0>,config2>"(i16* %layer4_out_V_V, i16* %layer2_out_V_V)" [firmware/myproject.cpp:62]   --->   Operation 10 'call' <Predicate = true> <Delay = 0.00> <CoreType = "Generic">   --->   Core 0 '' <Latency = 0> <II = 1> <Delay = 1.00> <Generic> <Opcode : >

State 5 <SV = 4> <Delay = 0.00>
ST_5 : Operation 11 [1/2] (0.00ns)   --->   "call fastcc void @"conv_2d_cl_me<ap_fixed,ap_fixed<16,14,5,3,0>,config2>"(i16* %layer4_out_V_V, i16* %layer2_out_V_V)" [firmware/myproject.cpp:62]   --->   Operation 11 'call' <Predicate = true> <Delay = 0.00> <CoreType = "Generic">   --->   Core 0 '' <Latency = 0> <II = 1> <Delay = 1.00> <Generic> <Opcode : >

State 6 <SV = 5> <Delay = 0.00>
ST_6 : Operation 12 [1/1] (0.00ns)   --->   "call void (...)* @_ssdm_op_SpecDataflowPipeline(i32 -1, i32 0, [1 x i8]* @p_str5) nounwind" [firmware/myproject.cpp:56]   --->   Operation 12 'specdataflowpipeline' <Predicate = true> <Delay = 0.00>
ST_6 : Operation 13 [1/1] (0.00ns)   --->   "call void (...)* @_ssdm_op_SpecBitsMap(i16* %input_1_V_V), !map !117"   --->   Operation 13 'specbitsmap' <Predicate = true> <Delay = 0.00>
ST_6 : Operation 14 [1/1] (0.00ns)   --->   "call void (...)* @_ssdm_op_SpecBitsMap(i16* %layer2_out_V_V), !map !121"   --->   Operation 14 'specbitsmap' <Predicate = true> <Delay = 0.00>
ST_6 : Operation 15 [1/1] (0.00ns)   --->   "call void (...)* @_ssdm_op_SpecBitsMap(i16* %const_size_in_1), !map !125"   --->   Operation 15 'specbitsmap' <Predicate = true> <Delay = 0.00>
ST_6 : Operation 16 [1/1] (0.00ns)   --->   "call void (...)* @_ssdm_op_SpecBitsMap(i16* %const_size_out_1), !map !129"   --->   Operation 16 'specbitsmap' <Predicate = true> <Delay = 0.00>
ST_6 : Operation 17 [1/1] (0.00ns)   --->   "call void (...)* @_ssdm_op_SpecTopModule([10 x i8]* @myproject_str) nounwind"   --->   Operation 17 'spectopmodule' <Predicate = true> <Delay = 0.00>
ST_6 : Operation 18 [1/1] (0.00ns)   --->   "%empty = call i32 (...)* @_ssdm_op_SpecChannel([15 x i8]* @layer4_out_OC_V_OC_V_str, i32 1, [1 x i8]* @p_str61, [1 x i8]* @p_str61, i32 25, i32 25, i16* %layer4_out_V_V, i16* %layer4_out_V_V)"   --->   Operation 18 'specchannel' 'empty' <Predicate = true> <Delay = 0.00>
ST_6 : Operation 19 [1/1] (0.00ns)   --->   "call void (...)* @_ssdm_op_SpecInterface(i16* %layer4_out_V_V, [8 x i8]* @ap_fifo_str, i32 0, i32 0, [1 x i8]* @p_str62, i32 0, i32 0, [1 x i8]* @p_str63, [1 x i8]* @p_str64, [1 x i8]* @p_str65, i32 2, i32 2, i32 16, i32 16, [1 x i8]* @p_str66, [1 x i8]* @p_str67)"   --->   Operation 19 'specinterface' <Predicate = true> <Delay = 0.00>
ST_6 : Operation 20 [1/1] (0.00ns)   --->   "call void (...)* @_ssdm_op_SpecInterface(i16* %input_1_V_V, [5 x i8]* @p_str, i32 1, i32 1, [5 x i8]* @p_str4, i32 0, i32 0, [1 x i8]* @p_str5, [1 x i8]* @p_str5, [1 x i8]* @p_str5, i32 0, i32 0, i32 0, i32 0, [1 x i8]* @p_str5, [1 x i8]* @p_str5) nounwind" [firmware/myproject.cpp:35]   --->   Operation 20 'specinterface' <Predicate = true> <Delay = 0.00>
ST_6 : Operation 21 [1/1] (0.00ns)   --->   "call void (...)* @_ssdm_op_SpecInterface(i16* %layer2_out_V_V, [5 x i8]* @p_str, i32 1, i32 1, [5 x i8]* @p_str4, i32 0, i32 0, [1 x i8]* @p_str5, [1 x i8]* @p_str5, [1 x i8]* @p_str5, i32 0, i32 0, i32 0, i32 0, [1 x i8]* @p_str5, [1 x i8]* @p_str5) nounwind" [firmware/myproject.cpp:35]   --->   Operation 21 'specinterface' <Predicate = true> <Delay = 0.00>
ST_6 : Operation 22 [1/1] (0.00ns)   --->   "call fastcc void @Block__proc(i16* %const_size_in_1, i16* %const_size_out_1)"   --->   Operation 22 'call' <Predicate = true> <Delay = 0.00> <CoreType = "Generic">   --->   Core 0 '' <Latency = 0> <II = 1> <Delay = 1.00> <Generic> <Opcode : >
ST_6 : Operation 23 [1/1] (0.00ns)   --->   "ret void" [firmware/myproject.cpp:64]   --->   Operation 23 'ret' <Predicate = true> <Delay = 0.00>


============================================================
+ Verbose Summary: Binding
============================================================
STG Binding: 
---------------- STG Properties BEGIN ----------------
- Is combinational: 0
- Is one-state seq: 0
- Is datapath-only: 0
- Is pipelined: 0
- Is top level: 1
Port [ Return ] is wired: 1; IO mode=ap_ctrl_hs:ce=0
Port [ input_1_V_V]:  wired=1; compound=1; hidden=0; nouse=0; global=0; static=0; extern=0; dir=0; type=0; pingpong=0; private_global=0; IO mode=axis:ce=0
Port [ layer2_out_V_V]:  wired=1; compound=1; hidden=0; nouse=0; global=0; static=0; extern=0; dir=1; type=0; pingpong=0; private_global=0; IO mode=axis:ce=0
Port [ const_size_in_1]:  wired=1; compound=0; hidden=0; nouse=0; global=0; static=0; extern=0; dir=1; type=0; pingpong=0; private_global=0; IO mode=ap_vld:ce=0
Port [ const_size_out_1]:  wired=1; compound=0; hidden=0; nouse=0; global=0; static=0; extern=0; dir=1; type=0; pingpong=0; private_global=0; IO mode=ap_vld:ce=0
Port [ layer_in_V]:  wired=0; compound=0; hidden=1; nouse=1; global=1; static=1; extern=0; dir=2; type=0; pingpong=0; private_global=0; linkage=7; visibility=0; IO mode=ap_ovld:ce=0
Port [ layer_in_row_Array_V_0_0]:  wired=0; compound=1; hidden=1; nouse=1; global=1; static=1; extern=0; dir=3; type=1; pingpong=0; private_global=0; linkage=7; visibility=0; MemPort=[2]; IO mode=ap_memory:ce=0
Port [ layer_in_row_Array_V_1_0]:  wired=0; compound=1; hidden=1; nouse=1; global=1; static=1; extern=0; dir=3; type=1; pingpong=0; private_global=0; linkage=7; visibility=0; MemPort=[2]; IO mode=ap_memory:ce=0
Port [ layer_in_row_Array_V_0_1]:  wired=0; compound=1; hidden=1; nouse=1; global=1; static=1; extern=0; dir=3; type=1; pingpong=0; private_global=0; linkage=7; visibility=0; MemPort=[2]; IO mode=ap_memory:ce=0
Port [ layer_in_row_Array_V_1_1]:  wired=0; compound=1; hidden=1; nouse=1; global=1; static=1; extern=0; dir=3; type=1; pingpong=0; private_global=0; linkage=7; visibility=0; MemPort=[2]; IO mode=ap_memory:ce=0
Port [ layer_in_row_Array_V_0_2]:  wired=0; compound=1; hidden=1; nouse=1; global=1; static=1; extern=0; dir=3; type=1; pingpong=0; private_global=0; linkage=7; visibility=0; MemPort=[2]; IO mode=ap_memory:ce=0
Port [ layer_in_row_Array_V_1_2]:  wired=0; compound=1; hidden=1; nouse=1; global=1; static=1; extern=0; dir=3; type=1; pingpong=0; private_global=0; linkage=7; visibility=0; MemPort=[2]; IO mode=ap_memory:ce=0
Port [ layer_in_row_Array_V_0_3]:  wired=0; compound=1; hidden=1; nouse=1; global=1; static=1; extern=0; dir=3; type=1; pingpong=0; private_global=0; linkage=7; visibility=0; MemPort=[2]; IO mode=ap_memory:ce=0
Port [ layer_in_row_Array_V_1_3]:  wired=0; compound=1; hidden=1; nouse=1; global=1; static=1; extern=0; dir=3; type=1; pingpong=0; private_global=0; linkage=7; visibility=0; MemPort=[2]; IO mode=ap_memory:ce=0
Port [ layer_in_row_Array_V_0_4]:  wired=0; compound=1; hidden=1; nouse=1; global=1; static=1; extern=0; dir=3; type=1; pingpong=0; private_global=0; linkage=7; visibility=0; MemPort=[2]; IO mode=ap_memory:ce=0
Port [ layer_in_row_Array_V_1_4]:  wired=0; compound=1; hidden=1; nouse=1; global=1; static=1; extern=0; dir=3; type=1; pingpong=0; private_global=0; linkage=7; visibility=0; MemPort=[2]; IO mode=ap_memory:ce=0
Port [ layer_in_row_Array_V_0_5]:  wired=0; compound=1; hidden=1; nouse=1; global=1; static=1; extern=0; dir=3; type=1; pingpong=0; private_global=0; linkage=7; visibility=0; MemPort=[2]; IO mode=ap_memory:ce=0
Port [ layer_in_row_Array_V_1_5]:  wired=0; compound=1; hidden=1; nouse=1; global=1; static=1; extern=0; dir=3; type=1; pingpong=0; private_global=0; linkage=7; visibility=0; MemPort=[2]; IO mode=ap_memory:ce=0
Port [ layer_in_row_Array_V_0_6]:  wired=0; compound=1; hidden=1; nouse=1; global=1; static=1; extern=0; dir=3; type=1; pingpong=0; private_global=0; linkage=7; visibility=0; MemPort=[2]; IO mode=ap_memory:ce=0
Port [ layer_in_row_Array_V_1_6]:  wired=0; compound=1; hidden=1; nouse=1; global=1; static=1; extern=0; dir=3; type=1; pingpong=0; private_global=0; linkage=7; visibility=0; MemPort=[2]; IO mode=ap_memory:ce=0
Port [ layer_in_row_Array_V_0_7]:  wired=0; compound=1; hidden=1; nouse=1; global=1; static=1; extern=0; dir=3; type=1; pingpong=0; private_global=0; linkage=7; visibility=0; MemPort=[2]; IO mode=ap_memory:ce=0
Port [ layer_in_row_Array_V_1_7]:  wired=0; compound=1; hidden=1; nouse=1; global=1; static=1; extern=0; dir=3; type=1; pingpong=0; private_global=0; linkage=7; visibility=0; MemPort=[2]; IO mode=ap_memory:ce=0
Port [ sX]:  wired=0; compound=0; hidden=1; nouse=1; global=1; static=1; extern=0; dir=2; type=0; pingpong=0; private_global=0; linkage=7; visibility=0; IO mode=ap_ovld:ce=0
Port [ sY]:  wired=0; compound=0; hidden=1; nouse=1; global=1; static=1; extern=0; dir=2; type=0; pingpong=0; private_global=0; linkage=7; visibility=0; IO mode=ap_ovld:ce=0
Port [ pY]:  wired=0; compound=0; hidden=1; nouse=1; global=1; static=1; extern=0; dir=2; type=0; pingpong=0; private_global=0; linkage=7; visibility=0; IO mode=ap_ovld:ce=0
Port [ pX]:  wired=0; compound=0; hidden=1; nouse=1; global=1; static=1; extern=0; dir=2; type=0; pingpong=0; private_global=0; linkage=7; visibility=0; IO mode=ap_ovld:ce=0
Port [ w2_V]:  wired=0; compound=1; hidden=1; nouse=1; global=1; static=1; extern=0; dir=0; type=1; pingpong=0; private_global=0; linkage=7; visibility=0; MemPort=[1]; IO mode=ap_memory:ce=0
---------------- STG Properties END ------------------

---------------- Datapath Model BEGIN ----------------

<LifeTime>
<method=bitvector/>
layer4_out_V_V            (alloca              ) [ 0011111]
call_ln60                 (call                ) [ 0000000]
call_ln62                 (call                ) [ 0000000]
specdataflowpipeline_ln56 (specdataflowpipeline) [ 0000000]
specbitsmap_ln0           (specbitsmap         ) [ 0000000]
specbitsmap_ln0           (specbitsmap         ) [ 0000000]
specbitsmap_ln0           (specbitsmap         ) [ 0000000]
specbitsmap_ln0           (specbitsmap         ) [ 0000000]
spectopmodule_ln0         (spectopmodule       ) [ 0000000]
empty                     (specchannel         ) [ 0000000]
specinterface_ln0         (specinterface       ) [ 0000000]
specinterface_ln35        (specinterface       ) [ 0000000]
specinterface_ln35        (specinterface       ) [ 0000000]
call_ln0                  (call                ) [ 0000000]
ret_ln64                  (ret                 ) [ 0000000]
</LifeTime>

<model>

<comp_list>
<comp id="0" class="1000" name="input_1_V_V">
<pin_list>
<pin id="1" dir="1" index="0" bw="1" slack="0"/>
</pin_list>
<bind>
<StgValue><ssdm name="input_1_V_V"/></StgValue>
</bind>
</comp>

<comp id="2" class="1000" name="layer2_out_V_V">
<pin_list>
<pin id="3" dir="1" index="0" bw="1" slack="0"/>
</pin_list>
<bind>
<StgValue><ssdm name="layer2_out_V_V"/></StgValue>
</bind>
</comp>

<comp id="4" class="1000" name="const_size_in_1">
<pin_list>
<pin id="5" dir="1" index="0" bw="1" slack="0"/>
</pin_list>
<bind>
<StgValue><ssdm name="const_size_in_1"/></StgValue>
</bind>
</comp>

<comp id="6" class="1000" name="const_size_out_1">
<pin_list>
<pin id="7" dir="1" index="0" bw="1" slack="0"/>
</pin_list>
<bind>
<StgValue><ssdm name="const_size_out_1"/></StgValue>
</bind>
</comp>

<comp id="8" class="1000" name="layer_in_V">
<pin_list>
<pin id="9" dir="1" index="0" bw="1" slack="0"/>
</pin_list>
<bind>
<StgValue><ssdm name="layer_in_V"/></StgValue>
</bind>
</comp>

<comp id="10" class="1000" name="layer_in_row_Array_V_0_0">
<pin_list>
<pin id="11" dir="1" index="0" bw="1" slack="0"/>
</pin_list>
<bind>
<StgValue><ssdm name="layer_in_row_Array_V_0_0"/><MemPortTyVec>2 </MemPortTyVec>
</StgValue>
</bind>
</comp>

<comp id="12" class="1000" name="layer_in_row_Array_V_1_0">
<pin_list>
<pin id="13" dir="1" index="0" bw="1" slack="0"/>
</pin_list>
<bind>
<StgValue><ssdm name="layer_in_row_Array_V_1_0"/><MemPortTyVec>2 </MemPortTyVec>
</StgValue>
</bind>
</comp>

<comp id="14" class="1000" name="layer_in_row_Array_V_0_1">
<pin_list>
<pin id="15" dir="1" index="0" bw="1" slack="0"/>
</pin_list>
<bind>
<StgValue><ssdm name="layer_in_row_Array_V_0_1"/><MemPortTyVec>2 </MemPortTyVec>
</StgValue>
</bind>
</comp>

<comp id="16" class="1000" name="layer_in_row_Array_V_1_1">
<pin_list>
<pin id="17" dir="1" index="0" bw="1" slack="0"/>
</pin_list>
<bind>
<StgValue><ssdm name="layer_in_row_Array_V_1_1"/><MemPortTyVec>2 </MemPortTyVec>
</StgValue>
</bind>
</comp>

<comp id="18" class="1000" name="layer_in_row_Array_V_0_2">
<pin_list>
<pin id="19" dir="1" index="0" bw="1" slack="0"/>
</pin_list>
<bind>
<StgValue><ssdm name="layer_in_row_Array_V_0_2"/><MemPortTyVec>2 </MemPortTyVec>
</StgValue>
</bind>
</comp>

<comp id="20" class="1000" name="layer_in_row_Array_V_1_2">
<pin_list>
<pin id="21" dir="1" index="0" bw="1" slack="0"/>
</pin_list>
<bind>
<StgValue><ssdm name="layer_in_row_Array_V_1_2"/><MemPortTyVec>2 </MemPortTyVec>
</StgValue>
</bind>
</comp>

<comp id="22" class="1000" name="layer_in_row_Array_V_0_3">
<pin_list>
<pin id="23" dir="1" index="0" bw="1" slack="0"/>
</pin_list>
<bind>
<StgValue><ssdm name="layer_in_row_Array_V_0_3"/><MemPortTyVec>2 </MemPortTyVec>
</StgValue>
</bind>
</comp>

<comp id="24" class="1000" name="layer_in_row_Array_V_1_3">
<pin_list>
<pin id="25" dir="1" index="0" bw="1" slack="0"/>
</pin_list>
<bind>
<StgValue><ssdm name="layer_in_row_Array_V_1_3"/><MemPortTyVec>2 </MemPortTyVec>
</StgValue>
</bind>
</comp>

<comp id="26" class="1000" name="layer_in_row_Array_V_0_4">
<pin_list>
<pin id="27" dir="1" index="0" bw="1" slack="0"/>
</pin_list>
<bind>
<StgValue><ssdm name="layer_in_row_Array_V_0_4"/><MemPortTyVec>2 </MemPortTyVec>
</StgValue>
</bind>
</comp>

<comp id="28" class="1000" name="layer_in_row_Array_V_1_4">
<pin_list>
<pin id="29" dir="1" index="0" bw="1" slack="0"/>
</pin_list>
<bind>
<StgValue><ssdm name="layer_in_row_Array_V_1_4"/><MemPortTyVec>2 </MemPortTyVec>
</StgValue>
</bind>
</comp>

<comp id="30" class="1000" name="layer_in_row_Array_V_0_5">
<pin_list>
<pin id="31" dir="1" index="0" bw="1" slack="0"/>
</pin_list>
<bind>
<StgValue><ssdm name="layer_in_row_Array_V_0_5"/><MemPortTyVec>2 </MemPortTyVec>
</StgValue>
</bind>
</comp>

<comp id="32" class="1000" name="layer_in_row_Array_V_1_5">
<pin_list>
<pin id="33" dir="1" index="0" bw="1" slack="0"/>
</pin_list>
<bind>
<StgValue><ssdm name="layer_in_row_Array_V_1_5"/><MemPortTyVec>2 </MemPortTyVec>
</StgValue>
</bind>
</comp>

<comp id="34" class="1000" name="layer_in_row_Array_V_0_6">
<pin_list>
<pin id="35" dir="1" index="0" bw="1" slack="0"/>
</pin_list>
<bind>
<StgValue><ssdm name="layer_in_row_Array_V_0_6"/><MemPortTyVec>2 </MemPortTyVec>
</StgValue>
</bind>
</comp>

<comp id="36" class="1000" name="layer_in_row_Array_V_1_6">
<pin_list>
<pin id="37" dir="1" index="0" bw="1" slack="0"/>
</pin_list>
<bind>
<StgValue><ssdm name="layer_in_row_Array_V_1_6"/><MemPortTyVec>2 </MemPortTyVec>
</StgValue>
</bind>
</comp>

<comp id="38" class="1000" name="layer_in_row_Array_V_0_7">
<pin_list>
<pin id="39" dir="1" index="0" bw="1" slack="0"/>
</pin_list>
<bind>
<StgValue><ssdm name="layer_in_row_Array_V_0_7"/><MemPortTyVec>2 </MemPortTyVec>
</StgValue>
</bind>
</comp>

<comp id="40" class="1000" name="layer_in_row_Array_V_1_7">
<pin_list>
<pin id="41" dir="1" index="0" bw="1" slack="0"/>
</pin_list>
<bind>
<StgValue><ssdm name="layer_in_row_Array_V_1_7"/><MemPortTyVec>2 </MemPortTyVec>
</StgValue>
</bind>
</comp>

<comp id="42" class="1000" name="sX">
<pin_list>
<pin id="43" dir="1" index="0" bw="1" slack="0"/>
</pin_list>
<bind>
<StgValue><ssdm name="sX"/></StgValue>
</bind>
</comp>

<comp id="44" class="1000" name="sY">
<pin_list>
<pin id="45" dir="1" index="0" bw="1" slack="0"/>
</pin_list>
<bind>
<StgValue><ssdm name="sY"/></StgValue>
</bind>
</comp>

<comp id="46" class="1000" name="pY">
<pin_list>
<pin id="47" dir="1" index="0" bw="1" slack="0"/>
</pin_list>
<bind>
<StgValue><ssdm name="pY"/></StgValue>
</bind>
</comp>

<comp id="48" class="1000" name="pX">
<pin_list>
<pin id="49" dir="1" index="0" bw="1" slack="0"/>
</pin_list>
<bind>
<StgValue><ssdm name="pX"/></StgValue>
</bind>
</comp>

<comp id="50" class="1000" name="w2_V">
<pin_list>
<pin id="51" dir="1" index="0" bw="1" slack="0"/>
</pin_list>
<bind>
<StgValue><ssdm name="w2_V"/><MemPortTyVec>1 </MemPortTyVec>
</StgValue>
</bind>
</comp>

<comp id="52" class="1001" name="const_52">
<pin_list>
<pin id="53" dir="1" index="0" bw="1" slack="0"/>
</pin_list>
<bind>
<StgValue><ssdm name=""/></StgValue>
</bind>
</comp>

<comp id="54" class="1001" name="const_54">
<pin_list>
<pin id="55" dir="1" index="0" bw="1" slack="0"/>
</pin_list>
<bind>
<StgValue><ssdm name="zeropad2d_cl_me<ap_fixed,ap_fixed,config4>"/></StgValue>
</bind>
</comp>

<comp id="56" class="1001" name="const_56">
<pin_list>
<pin id="57" dir="1" index="0" bw="1" slack="0"/>
</pin_list>
<bind>
<StgValue><ssdm name="conv_2d_cl_me<ap_fixed,ap_fixed<16,14,5,3,0>,config2>"/></StgValue>
</bind>
</comp>

<comp id="58" class="1001" name="const_58">
<pin_list>
<pin id="59" dir="1" index="0" bw="1" slack="2147483647"/>
</pin_list>
<bind>
<StgValue><ssdm name="_ssdm_op_SpecDataflowPipeline"/></StgValue>
</bind>
</comp>

<comp id="60" class="1001" name="const_60">
<pin_list>
<pin id="61" dir="1" index="0" bw="1" slack="2147483647"/>
</pin_list>
<bind>
<StgValue><ssdm name=""/></StgValue>
</bind>
</comp>

<comp id="62" class="1001" name="const_62">
<pin_list>
<pin id="63" dir="1" index="0" bw="1" slack="2147483647"/>
</pin_list>
<bind>
<StgValue><ssdm name=""/></StgValue>
</bind>
</comp>

<comp id="64" class="1001" name="const_64">
<pin_list>
<pin id="65" dir="1" index="0" bw="1" slack="2147483647"/>
</pin_list>
<bind>
<StgValue><ssdm name="p_str5"/></StgValue>
</bind>
</comp>

<comp id="66" class="1001" name="const_66">
<pin_list>
<pin id="67" dir="1" index="0" bw="1" slack="2147483647"/>
</pin_list>
<bind>
<StgValue><ssdm name="_ssdm_op_SpecBitsMap"/></StgValue>
</bind>
</comp>

<comp id="68" class="1001" name="const_68">
<pin_list>
<pin id="69" dir="1" index="0" bw="1" slack="2147483647"/>
</pin_list>
<bind>
<StgValue><ssdm name="_ssdm_op_SpecTopModule"/></StgValue>
</bind>
</comp>

<comp id="70" class="1001" name="const_70">
<pin_list>
<pin id="71" dir="1" index="0" bw="1" slack="2147483647"/>
</pin_list>
<bind>
<StgValue><ssdm name="myproject_str"/></StgValue>
</bind>
</comp>

<comp id="72" class="1001" name="const_72">
<pin_list>
<pin id="73" dir="1" index="0" bw="1" slack="2147483647"/>
</pin_list>
<bind>
<StgValue><ssdm name="_ssdm_op_SpecChannel"/></StgValue>
</bind>
</comp>

<comp id="74" class="1001" name="const_74">
<pin_list>
<pin id="75" dir="1" index="0" bw="1" slack="2147483647"/>
</pin_list>
<bind>
<StgValue><ssdm name="layer4_out_OC_V_OC_V_str"/></StgValue>
</bind>
</comp>

<comp id="76" class="1001" name="const_76">
<pin_list>
<pin id="77" dir="1" index="0" bw="1" slack="2147483647"/>
</pin_list>
<bind>
<StgValue><ssdm name=""/></StgValue>
</bind>
</comp>

<comp id="78" class="1001" name="const_78">
<pin_list>
<pin id="79" dir="1" index="0" bw="1" slack="2147483647"/>
</pin_list>
<bind>
<StgValue><ssdm name="p_str61"/></StgValue>
</bind>
</comp>

<comp id="80" class="1001" name="const_80">
<pin_list>
<pin id="81" dir="1" index="0" bw="1" slack="2147483647"/>
</pin_list>
<bind>
<StgValue><ssdm name=""/></StgValue>
</bind>
</comp>

<comp id="82" class="1001" name="const_82">
<pin_list>
<pin id="83" dir="1" index="0" bw="1" slack="2147483647"/>
</pin_list>
<bind>
<StgValue><ssdm name="_ssdm_op_SpecInterface"/></StgValue>
</bind>
</comp>

<comp id="84" class="1001" name="const_84">
<pin_list>
<pin id="85" dir="1" index="0" bw="1" slack="2147483647"/>
</pin_list>
<bind>
<StgValue><ssdm name="ap_fifo_str"/></StgValue>
</bind>
</comp>

<comp id="86" class="1001" name="const_86">
<pin_list>
<pin id="87" dir="1" index="0" bw="1" slack="2147483647"/>
</pin_list>
<bind>
<StgValue><ssdm name="p_str62"/></StgValue>
</bind>
</comp>

<comp id="88" class="1001" name="const_88">
<pin_list>
<pin id="89" dir="1" index="0" bw="1" slack="2147483647"/>
</pin_list>
<bind>
<StgValue><ssdm name="p_str63"/></StgValue>
</bind>
</comp>

<comp id="90" class="1001" name="const_90">
<pin_list>
<pin id="91" dir="1" index="0" bw="1" slack="2147483647"/>
</pin_list>
<bind>
<StgValue><ssdm name="p_str64"/></StgValue>
</bind>
</comp>

<comp id="92" class="1001" name="const_92">
<pin_list>
<pin id="93" dir="1" index="0" bw="1" slack="2147483647"/>
</pin_list>
<bind>
<StgValue><ssdm name="p_str65"/></StgValue>
</bind>
</comp>

<comp id="94" class="1001" name="const_94">
<pin_list>
<pin id="95" dir="1" index="0" bw="1" slack="2147483647"/>
</pin_list>
<bind>
<StgValue><ssdm name=""/></StgValue>
</bind>
</comp>

<comp id="96" class="1001" name="const_96">
<pin_list>
<pin id="97" dir="1" index="0" bw="1" slack="2147483647"/>
</pin_list>
<bind>
<StgValue><ssdm name=""/></StgValue>
</bind>
</comp>

<comp id="98" class="1001" name="const_98">
<pin_list>
<pin id="99" dir="1" index="0" bw="1" slack="2147483647"/>
</pin_list>
<bind>
<StgValue><ssdm name="p_str66"/></StgValue>
</bind>
</comp>

<comp id="100" class="1001" name="const_100">
<pin_list>
<pin id="101" dir="1" index="0" bw="1" slack="2147483647"/>
</pin_list>
<bind>
<StgValue><ssdm name="p_str67"/></StgValue>
</bind>
</comp>

<comp id="102" class="1001" name="const_102">
<pin_list>
<pin id="103" dir="1" index="0" bw="1" slack="2147483647"/>
</pin_list>
<bind>
<StgValue><ssdm name="p_str"/></StgValue>
</bind>
</comp>

<comp id="104" class="1001" name="const_104">
<pin_list>
<pin id="105" dir="1" index="0" bw="1" slack="2147483647"/>
</pin_list>
<bind>
<StgValue><ssdm name="p_str4"/></StgValue>
</bind>
</comp>

<comp id="106" class="1001" name="const_106">
<pin_list>
<pin id="107" dir="1" index="0" bw="1" slack="0"/>
</pin_list>
<bind>
<StgValue><ssdm name="Block__proc"/></StgValue>
</bind>
</comp>

<comp id="108" class="1004" name="layer4_out_V_V_fu_108">
<pin_list>
<pin id="109" dir="0" index="0" bw="1" slack="0"/>
<pin id="110" dir="1" index="1" bw="16" slack="1"/>
</pin_list>
<bind>
<opcode="alloca(26) " fcode="alloca"/>
<opset="layer4_out_V_V/1 "/>
</bind>
</comp>

<comp id="112" class="1004" name="grp_conv_2d_cl_me_ap_fixed_ap_fixed_16_14_5_3_0_config2_s_fu_112">
<pin_list>
<pin id="113" dir="0" index="0" bw="0" slack="0"/>
<pin id="114" dir="0" index="1" bw="16" slack="3"/>
<pin id="115" dir="0" index="2" bw="16" slack="0"/>
<pin id="116" dir="0" index="3" bw="1152" slack="0"/>
<pin id="117" dir="0" index="4" bw="16" slack="0"/>
<pin id="118" dir="0" index="5" bw="16" slack="0"/>
<pin id="119" dir="0" index="6" bw="16" slack="0"/>
<pin id="120" dir="0" index="7" bw="16" slack="0"/>
<pin id="121" dir="0" index="8" bw="16" slack="0"/>
<pin id="122" dir="0" index="9" bw="16" slack="0"/>
<pin id="123" dir="0" index="10" bw="16" slack="0"/>
<pin id="124" dir="0" index="11" bw="16" slack="0"/>
<pin id="125" dir="0" index="12" bw="16" slack="0"/>
<pin id="126" dir="0" index="13" bw="16" slack="0"/>
<pin id="127" dir="0" index="14" bw="16" slack="0"/>
<pin id="128" dir="0" index="15" bw="16" slack="0"/>
<pin id="129" dir="0" index="16" bw="16" slack="0"/>
<pin id="130" dir="0" index="17" bw="16" slack="0"/>
<pin id="131" dir="0" index="18" bw="16" slack="0"/>
<pin id="132" dir="0" index="19" bw="16" slack="0"/>
<pin id="133" dir="0" index="20" bw="32" slack="0"/>
<pin id="134" dir="0" index="21" bw="32" slack="0"/>
<pin id="135" dir="0" index="22" bw="32" slack="0"/>
<pin id="136" dir="0" index="23" bw="32" slack="0"/>
<pin id="137" dir="0" index="24" bw="115" slack="0"/>
<pin id="138" dir="1" index="25" bw="0" slack="2147483647"/>
</pin_list>
<bind>
<opcode="call(48) " fcode="call"/>
<opset="call_ln62/4 "/>
</bind>
</comp>

<comp id="163" class="1004" name="grp_zeropad2d_cl_me_ap_fixed_ap_fixed_config4_s_fu_163">
<pin_list>
<pin id="164" dir="0" index="0" bw="0" slack="0"/>
<pin id="165" dir="0" index="1" bw="16" slack="0"/>
<pin id="166" dir="0" index="2" bw="16" slack="1"/>
<pin id="167" dir="1" index="3" bw="0" slack="2147483647"/>
</pin_list>
<bind>
<opcode="call(48) " fcode="call"/>
<opset="call_ln60/2 "/>
</bind>
</comp>

<comp id="170" class="1004" name="call_ln0_Block_proc_fu_170">
<pin_list>
<pin id="171" dir="0" index="0" bw="0" slack="0"/>
<pin id="172" dir="0" index="1" bw="16" slack="0"/>
<pin id="173" dir="0" index="2" bw="16" slack="0"/>
<pin id="174" dir="1" index="3" bw="0" slack="2147483647"/>
</pin_list>
<bind>
<opcode="call(48) " fcode="call"/>
<opset="call_ln0/6 "/>
</bind>
</comp>

<comp id="178" class="1005" name="layer4_out_V_V_reg_178">
<pin_list>
<pin id="179" dir="0" index="0" bw="16" slack="1"/>
<pin id="180" dir="1" index="1" bw="16" slack="1"/>
</pin_list>
<bind>
<opset="layer4_out_V_V "/>
</bind>
</comp>

</comp_list>

<net_list>
<net id="111"><net_src comp="52" pin="0"/><net_sink comp="108" pin=0"/></net>

<net id="139"><net_src comp="56" pin="0"/><net_sink comp="112" pin=0"/></net>

<net id="140"><net_src comp="2" pin="0"/><net_sink comp="112" pin=2"/></net>

<net id="141"><net_src comp="8" pin="0"/><net_sink comp="112" pin=3"/></net>

<net id="142"><net_src comp="10" pin="0"/><net_sink comp="112" pin=4"/></net>

<net id="143"><net_src comp="12" pin="0"/><net_sink comp="112" pin=5"/></net>

<net id="144"><net_src comp="14" pin="0"/><net_sink comp="112" pin=6"/></net>

<net id="145"><net_src comp="16" pin="0"/><net_sink comp="112" pin=7"/></net>

<net id="146"><net_src comp="18" pin="0"/><net_sink comp="112" pin=8"/></net>

<net id="147"><net_src comp="20" pin="0"/><net_sink comp="112" pin=9"/></net>

<net id="148"><net_src comp="22" pin="0"/><net_sink comp="112" pin=10"/></net>

<net id="149"><net_src comp="24" pin="0"/><net_sink comp="112" pin=11"/></net>

<net id="150"><net_src comp="26" pin="0"/><net_sink comp="112" pin=12"/></net>

<net id="151"><net_src comp="28" pin="0"/><net_sink comp="112" pin=13"/></net>

<net id="152"><net_src comp="30" pin="0"/><net_sink comp="112" pin=14"/></net>

<net id="153"><net_src comp="32" pin="0"/><net_sink comp="112" pin=15"/></net>

<net id="154"><net_src comp="34" pin="0"/><net_sink comp="112" pin=16"/></net>

<net id="155"><net_src comp="36" pin="0"/><net_sink comp="112" pin=17"/></net>

<net id="156"><net_src comp="38" pin="0"/><net_sink comp="112" pin=18"/></net>

<net id="157"><net_src comp="40" pin="0"/><net_sink comp="112" pin=19"/></net>

<net id="158"><net_src comp="42" pin="0"/><net_sink comp="112" pin=20"/></net>

<net id="159"><net_src comp="44" pin="0"/><net_sink comp="112" pin=21"/></net>

<net id="160"><net_src comp="46" pin="0"/><net_sink comp="112" pin=22"/></net>

<net id="161"><net_src comp="48" pin="0"/><net_sink comp="112" pin=23"/></net>

<net id="162"><net_src comp="50" pin="0"/><net_sink comp="112" pin=24"/></net>

<net id="168"><net_src comp="54" pin="0"/><net_sink comp="163" pin=0"/></net>

<net id="169"><net_src comp="0" pin="0"/><net_sink comp="163" pin=1"/></net>

<net id="175"><net_src comp="106" pin="0"/><net_sink comp="170" pin=0"/></net>

<net id="176"><net_src comp="4" pin="0"/><net_sink comp="170" pin=1"/></net>

<net id="177"><net_src comp="6" pin="0"/><net_sink comp="170" pin=2"/></net>

<net id="181"><net_src comp="108" pin="1"/><net_sink comp="178" pin=0"/></net>

<net id="182"><net_src comp="178" pin="1"/><net_sink comp="163" pin=2"/></net>

<net id="183"><net_src comp="178" pin="1"/><net_sink comp="112" pin=1"/></net>

</net_list>

</model> 
---------------- Datapath Model END ------------------

* FSMD analyzer results:
  - Output states:
	Port: layer2_out_V_V | {4 5 }
	Port: const_size_in_1 | {6 }
	Port: const_size_out_1 | {6 }
	Port: layer_in_V | {4 5 }
	Port: sX | {4 5 }
	Port: sY | {4 5 }
	Port: pY | {4 5 }
	Port: pX | {4 5 }
 - Input state : 
	Port: myproject : input_1_V_V | {2 3 }
	Port: myproject : layer_in_V | {4 5 }
	Port: myproject : sX | {4 5 }
	Port: myproject : sY | {4 5 }
	Port: myproject : pY | {4 5 }
	Port: myproject : pX | {4 5 }
	Port: myproject : w2_V | {4 5 }
  - Chain level:
	State 1
	State 2
	State 3
	State 4
	State 5
	State 6


============================================================
+ Verbose Summary: Datapath Resource usage 
============================================================

* Functional unit list:
|----------|------------------------------------------------------------------|---------|---------|---------|---------|
| Operation|                          Functional Unit                         |  DSP48E |  Delay  |    FF   |   LUT   |
|----------|------------------------------------------------------------------|---------|---------|---------|---------|
|          | grp_conv_2d_cl_me_ap_fixed_ap_fixed_16_14_5_3_0_config2_s_fu_112 |    8    |  6.7132 |   1859  |   5308  |
|   call   |      grp_zeropad2d_cl_me_ap_fixed_ap_fixed_config4_s_fu_163      |    0    |  0.656  |    20   |    83   |
|          |                    call_ln0_Block_proc_fu_170                    |    0    |    0    |    0    |    0    |
|----------|------------------------------------------------------------------|---------|---------|---------|---------|
|   Total  |                                                                  |    8    |  7.3692 |   1879  |   5391  |
|----------|------------------------------------------------------------------|---------|---------|---------|---------|

Memories:
+------------------------+--------+--------+--------+
|                        |  BRAM  |   FF   |   LUT  |
+------------------------+--------+--------+--------+
|layer_in_row_Array_V_0_0|    0   |   64   |   32   |
|layer_in_row_Array_V_0_1|    0   |   64   |   32   |
|layer_in_row_Array_V_0_2|    0   |   64   |   32   |
|layer_in_row_Array_V_0_3|    0   |   64   |   32   |
|layer_in_row_Array_V_0_4|    0   |   64   |   32   |
|layer_in_row_Array_V_0_5|    0   |   64   |   32   |
|layer_in_row_Array_V_0_6|    0   |   64   |   32   |
|layer_in_row_Array_V_0_7|    0   |   64   |   32   |
|layer_in_row_Array_V_1_0|    0   |   64   |   32   |
|layer_in_row_Array_V_1_1|    0   |   64   |   32   |
|layer_in_row_Array_V_1_2|    0   |   64   |   32   |
|layer_in_row_Array_V_1_3|    0   |   64   |   32   |
|layer_in_row_Array_V_1_4|    0   |   64   |   32   |
|layer_in_row_Array_V_1_5|    0   |   64   |   32   |
|layer_in_row_Array_V_1_6|    0   |   64   |   32   |
|layer_in_row_Array_V_1_7|    0   |   64   |   32   |
|          w2_V          |    4   |    0   |    0   |
+------------------------+--------+--------+--------+
|          Total         |    4   |  1024  |   512  |
+------------------------+--------+--------+--------+

* Register list:
+----------------------+--------+
|                      |   FF   |
+----------------------+--------+
|layer4_out_V_V_reg_178|   16   |
+----------------------+--------+
|         Total        |   16   |
+----------------------+--------+

* Multiplexer (MUX) list: 
|--------|------|------|------|--------|
|  Comp  |  Pin | Size |  BW  | S x BW |
|--------|------|------|------|--------|
|  Total |      |      |      |    0   |
|--------|------|------|------|--------|



* Summary:
+-----------+--------+--------+--------+--------+--------+
|           |  BRAM  | DSP48E |  Delay |   FF   |   LUT  |
+-----------+--------+--------+--------+--------+--------+
|  Function |    -   |    8   |    7   |  1879  |  5391  |
|   Memory  |    4   |    -   |    -   |  1024  |   512  |
|Multiplexer|    -   |    -   |    -   |    -   |    -   |
|  Register |    -   |    -   |    -   |   16   |    -   |
+-----------+--------+--------+--------+--------+--------+
|   Total   |    4   |    8   |    7   |  2919  |  5903  |
+-----------+--------+--------+--------+--------+--------+
